2019-08-12 10:03:31.324 INFO  com.tusdao.TusdaoWebserviceApplication [main] org.springframework.boot.StartupInfoLogger.logStarting(StartupInfoLogger.java:48)  - Starting TusdaoWebserviceApplication on yuelideMacBook-Pro.local with PID 966 (/Users/yueli/work/code/tusdao-webservice/build/classes/main started by yueli in /Users/yueli/work/code/tusdao-webservice)
2019-08-12 10:03:31.347 INFO  com.tusdao.TusdaoWebserviceApplication [main] org.springframework.boot.SpringApplication.logStartupProfileInfo(SpringApplication.java:652)  - No active profile set, falling back to default profiles: default
2019-08-12 10:03:32.958 INFO  org.apache.catalina.core.StandardService [main] org.apache.juli.logging.DirectJDKLog.log(DirectJDKLog.java:180)  - Starting service [Tomcat]
2019-08-12 10:03:32.959 INFO  org.apache.catalina.core.StandardEngine [main] org.apache.juli.logging.DirectJDKLog.log(DirectJDKLog.java:180)  - Starting Servlet Engine: Apache Tomcat/8.5.27
2019-08-12 10:03:32.971 INFO  org.apache.catalina.core.AprLifecycleListener [localhost-startStop-1] org.apache.juli.logging.DirectJDKLog.log(DirectJDKLog.java:180)  - The APR based Apache Tomcat Native library which allows optimal performance in production environments was not found on the java.library.path: [/Users/yueli/Library/Java/Extensions:/Library/Java/Extensions:/Network/Library/Java/Extensions:/System/Library/Java/Extensions:/usr/lib/java:.]
2019-08-12 10:03:33.075 INFO  org.apache.catalina.core.ContainerBase.[Tomcat].[localhost].[/] [localhost-startStop-1] org.apache.juli.logging.DirectJDKLog.log(DirectJDKLog.java:180)  - Initializing Spring embedded WebApplicationContext
2019-08-12 10:03:34.004 INFO  org.apache.cxf.wsdl.service.factory.ReflectionServiceFactoryBean [main] org.apache.cxf.wsdl.service.factory.ReflectionServiceFactoryBean.buildServiceFromClass(ReflectionServiceFactoryBean.java:434)  - Creating Service {http://service.webservice.tusdao.com}gzcxfw_wx_webserviceService from class com.tusdao.webservice.service.WebService
2019-08-12 10:03:34.422 INFO  org.apache.cxf.endpoint.ServerImpl [main] org.apache.cxf.endpoint.ServerImpl.initDestination(ServerImpl.java:85)  - Setting the server's publish address to be /bdcgzcxfw_wx
2019-08-12 10:03:35.292 INFO  org.apache.coyote.http11.Http11NioProtocol [main] org.apache.juli.logging.DirectJDKLog.log(DirectJDKLog.java:180)  - Initializing ProtocolHandler ["http-nio-8090"]
2019-08-12 10:03:35.298 INFO  org.apache.coyote.http11.Http11NioProtocol [main] org.apache.juli.logging.DirectJDKLog.log(DirectJDKLog.java:180)  - Starting ProtocolHandler ["http-nio-8090"]
2019-08-12 10:03:35.320 INFO  org.apache.tomcat.util.net.NioSelectorPool [main] org.apache.juli.logging.DirectJDKLog.log(DirectJDKLog.java:180)  - Using a shared selector for servlet write/read
2019-08-12 10:03:35.345 INFO  com.tusdao.TusdaoWebserviceApplication [main] org.springframework.boot.StartupInfoLogger.logStarted(StartupInfoLogger.java:57)  - Started TusdaoWebserviceApplication in 4.644 seconds (JVM running for 6.356)
2019-08-12 10:03:51.431 INFO  com.tusdao.webservice.service.impl.CatalogInfoImpl [http-nio-8090-exec-2] com.tusdao.webservice.service.impl.WebServiceImpl.gzcxfwHlwWxcxInfoCs(WebServiceImpl.java:42)  - gzcxfwHlwWxcxInfoCs: 入参- wxid:c2h3NTIxbHg=, macId:cWRxa2x1c2Vy, pawd:MDAwMDAw
2019-08-12 10:03:52.109 INFO  com.alibaba.druid.pool.DruidDataSource [http-nio-8090-exec-2] com.alibaba.druid.support.logging.Log4j2Impl.info(Log4j2Impl.java:106)  - {dataSource-1} inited
2019-08-12 10:04:07.749 INFO  com.tusdao.webservice.service.impl.CatalogInfoImpl [http-nio-8090-exec-2] com.tusdao.webservice.service.impl.WebServiceImpl.gzcxfwHlwWxcxInfoCs(WebServiceImpl.java:47)  - gzcxfwHlwWxrzInfoCs: 出参- responseStr:PD94bWwgdmVyc2lvbj0iMS4wIiBlbmNvZGluZz0iZ2JrIj8+Cjxyb290PjxkYXRhPjxCRENfR0tf
SU5ERVhfbGlzdD48bGlzdCB0eXBlPSJCRENfR0tfSU5ERVgiIHJvd051bT0iNiI+PEJEQ19HS19J
TkRFWCByb3dOdW09IjAiPjxZV0g+NDYwNjAwMDAwMjAxOTAwMDAwMDE8L1lXSD48Q1FCUz4xPC9D
UUJTPjxESkpHLz48WlNIPtHzxta3v7XY1qTX1rXaVDEyNjk1usU8L1pTSD48UVhETT40NjA2MDA8
L1FYRE0+PEpaTUo+MTIzPC9KWk1KPjxaTD7R88bWPC9aTD48R0hZVD4xMDwvR0hZVD48REpTSj4y
MDE5LTAxLTE1PC9ESlNKPjxZR0RKWkwvPjxUQUJOQU1FPkZEQ1EyPC9UQUJOQU1FPjxCRENEWUg+
NDYwNjAwNDE1MDA5R0IwMDAxMkYwMDA1MDA0NDwvQkRDRFlIPjxHSFlUX1ZJRVc+16HVrDwvR0hZ
VF9WSUVXPjxRTFJNQz6zwsP3PC9RTFJNQz48UUxSU0ZaPjEyMzQ1NjwvUUxSU0ZaPjxEWVFLPjA8
L0RZUUs+PENGUUs+MDwvQ0ZRSz48UVhETU1DPjQ2MDYwMDwvUVhETU1DPjwvQkRDX0dLX0lOREVY
PjxCRENfR0tfSU5ERVggcm93TnVtPSIxIj48WVdIPjQ2OTAwMjAwMDIwMTYwMDAwNTIyPC9ZV0g+
PENRQlM+MTwvQ1FCUz48REpKRz7H7bqjytCyu7avsvq1x7zHvtY8L0RKSkc+PFpTSD7H7aOoMjAx
NqOpx+26o8rQsru2r7L6yKi12jAwMDAwOTi6xTwvWlNIPjxRWERNPjQ2OTAwMjwvUVhETT48SlpN
Sj4wPC9KWk1KPjxaTC8+PEdIWVQvPjxESlNKPjIwMTYtMDgtMTk8L0RKU0o+PFlHREpaTC8+PFRB
Qk5BTUU+RkRDUTI8L1RBQk5BTUU+PEJEQ0RZSD40NjkwMDIxMDQwMDJHQjAwMDAxRjAwMTMwMDAz
PC9CRENEWUg+PEdIWVRfVklFVy8+PFFMUk1DPtXFwNc8L1FMUk1DPjxRTFJTRlo+MTIzNDU2PC9R
TFJTRlo+PERZUUs+MDwvRFlRSz48Q0ZRSz4wPC9DRlFLPjxRWERNTUM+x+26o8rQPC9RWERNTUM+
PC9CRENfR0tfSU5ERVg+PEJEQ19HS19JTkRFWCByb3dOdW09IjIiPjxZV0g+NDY5MDAyMDAwMjAx
NjAwMDA2OTY8L1lXSD48Q1FCUz4xPC9DUUJTPjxESkpHPsftuqPK0LK7tq+y+rXHvMe+1jwvREpK
Rz48WlNIPsfto6gyMDE2o6nH7bqjytCyu7avsvrIqLXaMDAwMDEwNLrFPC9aU0g+PFFYRE0+NDY5
MDAyPC9RWERNPjxKWk1KPjIwNDwvSlpNSj48Wkw+x+26o8rQuv7A79bT1azO5cDvMrrFMTAyytI8
L1pMPjxHSFlUPjEwPC9HSFlUPjxESlNKPjIwMTYtMDgtMTk8L0RKU0o+PFlHREpaTC8+PFRBQk5B
TUU+RkRDUTI8L1RBQk5BTUU+PEJEQ0RZSD40NjkwMDIxMDQwMDJHQjAwMDAxRjAwMDgwMDA0PC9C
RENEWUg+PEdIWVRfVklFVz7XodWsPC9HSFlUX1ZJRVc+PFFMUk1DPsDuw848L1FMUk1DPjxRTFJT
Rlo+MTIzNDU2PC9RTFJTRlo+PERZUUs+MDwvRFlRSz48Q0ZRSz4wPC9DRlFLPjxRWERNTUM+x+26
o8rQPC9RWERNTUM+PC9CRENfR0tfSU5ERVg+PEJEQ19HS19JTkRFWCByb3dOdW09IjMiPjxZV0g+
NDY5MDAyMDAwMjAxNjAwMDEyNjI8L1lXSD48Q1FCUz4xPC9DUUJTPjxESkpHPsftuqPK0LK7tq+y
+rXHvMe+1jwvREpKRz48WlNIPsfto6gyMDE2o6nH7bqjytCyu7avsvrIqLXaMDAwMDIzMbrFPC9a
U0g+PFFYRE0+NDY5MDAyPC9RWERNPjxKWk1KPjA8L0paTUo+PFpMLz48R0hZVC8+PERKU0o+MjAx
Ni0wOC0zMDwvREpTSj48WUdESlpMLz48VEFCTkFNRT5GRENRMjwvVEFCTkFNRT48QkRDRFlIPjQ2
OTAwMjEwNDAwMkdCMDAwMDFGMDAxMzAwMDQ8L0JEQ0RZSD48R0hZVF9WSUVXLz48UUxSTUM+t8nT
4zwvUUxSTUM+PFFMUlNGWj4xMjM0NTY8L1FMUlNGWj48RFlRSz4xPC9EWVFLPjxDRlFLPjA8L0NG
UUs+PFFYRE1NQz7H7bqjytA8L1FYRE1NQz48L0JEQ19HS19JTkRFWD48QkRDX0dLX0lOREVYIHJv
d051bT0iNCI+PFlXSD40NjkwMDIwMDAyMDE2MDAwMTg0MTwvWVdIPjxDUUJTPjE8L0NRQlM+PERK
Skc+x+26o8rQsru2r7L6tce8x77WPC9ESkpHPjxaU0g+x+2jqDIwMTajqcftuqPK0LK7tq+y+sio
tdowMDAwMzE3usU8L1pTSD48UVhETT40NjkwMDI8L1FYRE0+PEpaTUo+MTAyPC9KWk1KPjxaTD7H
7bqjytC6/sDv1tPVrM7lwO8yusUxMDHK0jwvWkw+PEdIWVQ+MTA8L0dIWVQ+PERKU0o+MjAxNi0w
OS0xMDwvREpTSj48WUdESlpMLz48VEFCTkFNRT5GRENRMjwvVEFCTkFNRT48QkRDRFlIPjQ2OTAw
MjEwMDA0NEdCMDAwMDFGMDAwNDAwMTA8L0JEQ0RZSD48R0hZVF9WSUVXPteh1aw8L0dIWVRfVklF
Vz48UUxSTUM+MTIzPC9RTFJNQz48UUxSU0ZaPjEyMzQ1NjwvUUxSU0ZaPjxEWVFLPjA8L0RZUUs+
PENGUUs+MDwvQ0ZRSz48UVhETU1DPsftuqPK0DwvUVhETU1DPjwvQkRDX0dLX0lOREVYPjxCRENf
R0tfSU5ERVggcm93TnVtPSI1Ij48WVdIPjQ2OTAwMjAwMDIwMTYwMDAxOTE1PC9ZV0g+PENRQlM+
MTwvQ1FCUz48REpKRy8+PFpTSD66o7e/yKjWpLqj19a12jAwObrFPC9aU0g+PFFYRE0+NDY5MDAy
PC9RWERNPjxKWk1KPjE1MDwvSlpNSj48Wkw+1tC5+jwvWkw+PEdIWVQ+MTA8L0dIWVQ+PERKU0o+
MjAxNi0wOS0xMDwvREpTSj48WUdESlpMLz48VEFCTkFNRT5GRENRMjwvVEFCTkFNRT48QkRDRFlI
PjQ2OTAwMjExMTAwNEdCMDAwMDFGMDAwNjAwMDE8L0JEQ0RZSD48R0hZVF9WSUVXPteh1aw8L0dI
WVRfVklFVz48UUxSTUM+wNe35jwvUUxSTUM+PFFMUlNGWj4xMjM0NTY8L1FMUlNGWj48RFlRSz4w
PC9EWVFLPjxDRlFLPjA8L0NGUUs+PFFYRE1NQz7H7bqjytA8L1FYRE1NQz48L0JEQ19HS19JTkRF
WD48L2xpc3Q+PC9CRENfR0tfSU5ERVhfbGlzdD48ZW1nPjxDWEJIPjIwMTkwODEyMTAwMzIxOTMw
PC9DWEJIPjxYTT7Kt7rqzrA8L1hNPjxTRlpIPioqKio8L1NGWkg+PHJldHVybl9qZz4xPC9yZXR1
cm5famc+PC9lbWc+PC9kYXRhPjxyZXR1cm4+PGNvZGU+MTwvY29kZT48Q1hCSD4yMDE5MDgxMjEw
MDMyMTkzMDwvQ1hCSD48L3JldHVybj48L3Jvb3Q+
2019-08-12 10:04:23.313 INFO  com.tusdao.webservice.service.impl.CatalogInfoImpl [http-nio-8090-exec-3] com.tusdao.webservice.service.impl.WebServiceImpl.gzcxfwHlwWxrzInfoCs(WebServiceImpl.java:30)  - gzcxfwHlwWxrzInfoCs: 入参- wxid:c2h3NTIxbHg=, xm:章三, sfzh:110988987678909877, sjh:cWRxa2x1c2Vy, macId:MDAwMDAw, pawd:{}
2019-08-12 10:04:23.718 INFO  com.tusdao.webservice.service.impl.CatalogInfoImpl [http-nio-8090-exec-3] com.tusdao.webservice.service.impl.WebServiceImpl.gzcxfwHlwWxrzInfoCs(WebServiceImpl.java:36)  - gzcxfwHlwWxrzInfoCs: 出参- responseStr:PD94bWwgdmVyc2lvbj0iMS4wIiBlbmNvZGluZz0iZ2JrIj8+Cjxyb290PjxyZXR1cm4+PGNvZGU+
MTwvY29kZT48V1hJRD5zaHc1MjFseDwvV1hJRD48L3JldHVybj48L3Jvb3Q+
2019-08-12 10:04:37.266 INFO  com.tusdao.webservice.service.impl.CatalogInfoImpl [http-nio-8090-exec-4] com.tusdao.webservice.service.impl.WebServiceImpl.gzcxfwHlwWxcxInfoCs(WebServiceImpl.java:42)  - gzcxfwHlwWxcxInfoCs: 入参- wxid:c2h3NTIxbHg=, macId:cWRxa2x1c2Vy, pawd:null
2019-08-12 10:05:23.916 INFO  com.tusdao.webservice.service.impl.CatalogInfoImpl [http-nio-8090-exec-6] com.tusdao.webservice.service.impl.WebServiceImpl.gzcxfwHlwWxcxInfoCs(WebServiceImpl.java:42)  - gzcxfwHlwWxcxInfoCs: 入参- wxid:c2h3NTIxbHg=, macId:cWRxa2x1c2Vy, pawd:null
2019-08-12 10:13:29.100 INFO  com.alibaba.druid.pool.DruidDataSource [Thread-12] com.alibaba.druid.support.logging.Log4j2Impl.info(Log4j2Impl.java:106)  - {dataSource-1} closed
2019-08-12 10:13:34.555 INFO  com.tusdao.TusdaoWebserviceApplication [main] org.springframework.boot.StartupInfoLogger.logStarting(StartupInfoLogger.java:48)  - Starting TusdaoWebserviceApplication on yuelideMacBook-Pro.local with PID 1026 (/Users/yueli/work/code/tusdao-webservice/build/classes/main started by yueli in /Users/yueli/work/code/tusdao-webservice)
2019-08-12 10:13:34.562 INFO  com.tusdao.TusdaoWebserviceApplication [main] org.springframework.boot.SpringApplication.logStartupProfileInfo(SpringApplication.java:652)  - No active profile set, falling back to default profiles: default
2019-08-12 10:13:35.529 INFO  org.apache.catalina.core.StandardService [main] org.apache.juli.logging.DirectJDKLog.log(DirectJDKLog.java:180)  - Starting service [Tomcat]
2019-08-12 10:13:35.532 INFO  org.apache.catalina.core.StandardEngine [main] org.apache.juli.logging.DirectJDKLog.log(DirectJDKLog.java:180)  - Starting Servlet Engine: Apache Tomcat/8.5.27
2019-08-12 10:13:35.540 INFO  org.apache.catalina.core.AprLifecycleListener [localhost-startStop-1] org.apache.juli.logging.DirectJDKLog.log(DirectJDKLog.java:180)  - The APR based Apache Tomcat Native library which allows optimal performance in production environments was not found on the java.library.path: [/Users/yueli/Library/Java/Extensions:/Library/Java/Extensions:/Network/Library/Java/Extensions:/System/Library/Java/Extensions:/usr/lib/java:.]
2019-08-12 10:13:35.612 INFO  org.apache.catalina.core.ContainerBase.[Tomcat].[localhost].[/] [localhost-startStop-1] org.apache.juli.logging.DirectJDKLog.log(DirectJDKLog.java:180)  - Initializing Spring embedded WebApplicationContext
2019-08-12 10:13:36.241 INFO  org.apache.cxf.wsdl.service.factory.ReflectionServiceFactoryBean [main] org.apache.cxf.wsdl.service.factory.ReflectionServiceFactoryBean.buildServiceFromClass(ReflectionServiceFactoryBean.java:434)  - Creating Service {http://service.webservice.tusdao.com}gzcxfw_wx_webserviceService from class com.tusdao.webservice.service.WebService
2019-08-12 10:13:36.491 INFO  org.apache.cxf.endpoint.ServerImpl [main] org.apache.cxf.endpoint.ServerImpl.initDestination(ServerImpl.java:85)  - Setting the server's publish address to be /bdcgzcxfw_wx
2019-08-12 10:13:37.104 INFO  org.apache.coyote.http11.Http11NioProtocol [main] org.apache.juli.logging.DirectJDKLog.log(DirectJDKLog.java:180)  - Initializing ProtocolHandler ["http-nio-8090"]
2019-08-12 10:13:37.109 INFO  org.apache.coyote.http11.Http11NioProtocol [main] org.apache.juli.logging.DirectJDKLog.log(DirectJDKLog.java:180)  - Starting ProtocolHandler ["http-nio-8090"]
2019-08-12 10:13:37.129 INFO  org.apache.tomcat.util.net.NioSelectorPool [main] org.apache.juli.logging.DirectJDKLog.log(DirectJDKLog.java:180)  - Using a shared selector for servlet write/read
2019-08-12 10:13:37.150 INFO  com.tusdao.TusdaoWebserviceApplication [main] org.springframework.boot.StartupInfoLogger.logStarted(StartupInfoLogger.java:57)  - Started TusdaoWebserviceApplication in 3.341 seconds (JVM running for 4.381)
2019-08-12 10:13:43.937 INFO  com.tusdao.webservice.service.impl.CatalogInfoImpl [http-nio-8090-exec-2] com.tusdao.webservice.service.impl.WebServiceImpl.gzcxfwHlwWxcxInfoCs(WebServiceImpl.java:42)  - gzcxfwHlwWxcxInfoCs: 入参- wxid:c2h3NTIxbHg=, macId:cWRxa2x1c2Vy, pawd:null
2019-08-12 10:13:44.551 INFO  com.alibaba.druid.pool.DruidDataSource [http-nio-8090-exec-2] com.alibaba.druid.support.logging.Log4j2Impl.info(Log4j2Impl.java:106)  - {dataSource-1} inited
2019-08-12 10:13:48.378 INFO  com.tusdao.webservice.utils.ContractUtils [http-nio-8090-exec-2] com.tusdao.webservice.utils.ContractUtils.parseJson(ContractUtils.java:121)  - 调用swith响应result.code 不为200 ， result.code:500, result.msg:"500 Internal Server Error" , "java.lang.StringIndexOutOfBoundsException: String index out of range: -11"
2019-08-12 10:14:19.497 INFO  com.alibaba.druid.pool.DruidDataSource [Thread-10] com.alibaba.druid.support.logging.Log4j2Impl.info(Log4j2Impl.java:106)  - {dataSource-1} closed
2019-08-12 11:24:00.778 INFO  com.tusdao.TusdaoWebserviceApplication [main] org.springframework.boot.StartupInfoLogger.logStarting(StartupInfoLogger.java:48)  - Starting TusdaoWebserviceApplication on yuelideMacBook-Pro.local with PID 1554 (/Users/yueli/work/code/tusdao-webservice/build/classes/main started by yueli in /Users/yueli/work/code/tusdao-webservice)
2019-08-12 11:24:00.787 INFO  com.tusdao.TusdaoWebserviceApplication [main] org.springframework.boot.SpringApplication.logStartupProfileInfo(SpringApplication.java:652)  - No active profile set, falling back to default profiles: default
2019-08-12 11:24:02.008 INFO  org.apache.catalina.core.StandardService [main] org.apache.juli.logging.DirectJDKLog.log(DirectJDKLog.java:180)  - Starting service [Tomcat]
2019-08-12 11:24:02.009 INFO  org.apache.catalina.core.StandardEngine [main] org.apache.juli.logging.DirectJDKLog.log(DirectJDKLog.java:180)  - Starting Servlet Engine: Apache Tomcat/8.5.27
2019-08-12 11:24:02.019 INFO  org.apache.catalina.core.AprLifecycleListener [localhost-startStop-1] org.apache.juli.logging.DirectJDKLog.log(DirectJDKLog.java:180)  - The APR based Apache Tomcat Native library which allows optimal performance in production environments was not found on the java.library.path: [/Users/yueli/Library/Java/Extensions:/Library/Java/Extensions:/Network/Library/Java/Extensions:/System/Library/Java/Extensions:/usr/lib/java:.]
2019-08-12 11:24:02.107 INFO  org.apache.catalina.core.ContainerBase.[Tomcat].[localhost].[/] [localhost-startStop-1] org.apache.juli.logging.DirectJDKLog.log(DirectJDKLog.java:180)  - Initializing Spring embedded WebApplicationContext
2019-08-12 11:24:02.958 INFO  org.apache.cxf.wsdl.service.factory.ReflectionServiceFactoryBean [main] org.apache.cxf.wsdl.service.factory.ReflectionServiceFactoryBean.buildServiceFromClass(ReflectionServiceFactoryBean.java:434)  - Creating Service {http://service.webservice.tusdao.com}gzcxfw_wx_webserviceService from class com.tusdao.webservice.service.WebService
2019-08-12 11:24:03.329 INFO  org.apache.cxf.endpoint.ServerImpl [main] org.apache.cxf.endpoint.ServerImpl.initDestination(ServerImpl.java:85)  - Setting the server's publish address to be /bdcgzcxfw_wx
2019-08-12 11:24:04.074 INFO  org.apache.coyote.http11.Http11NioProtocol [main] org.apache.juli.logging.DirectJDKLog.log(DirectJDKLog.java:180)  - Initializing ProtocolHandler ["http-nio-8090"]
2019-08-12 11:24:04.081 INFO  org.apache.coyote.http11.Http11NioProtocol [main] org.apache.juli.logging.DirectJDKLog.log(DirectJDKLog.java:180)  - Starting ProtocolHandler ["http-nio-8090"]
2019-08-12 11:24:04.104 INFO  org.apache.tomcat.util.net.NioSelectorPool [main] org.apache.juli.logging.DirectJDKLog.log(DirectJDKLog.java:180)  - Using a shared selector for servlet write/read
2019-08-12 11:24:04.129 INFO  com.tusdao.TusdaoWebserviceApplication [main] org.springframework.boot.StartupInfoLogger.logStarted(StartupInfoLogger.java:57)  - Started TusdaoWebserviceApplication in 4.184 seconds (JVM running for 5.069)
2019-08-12 11:24:13.369 INFO  com.tusdao.webservice.service.impl.CatalogInfoImpl [http-nio-8090-exec-2] com.tusdao.webservice.service.impl.WebServiceImpl.gzcxfwHlwWxcxInfoCs(WebServiceImpl.java:42)  - gzcxfwHlwWxcxInfoCs: 入参- wxid:c2h3NTIxbHg=, macId:cWRxa2x1c2Vy, pawd:MDAwMDAw
2019-08-12 11:24:14.390 INFO  com.alibaba.druid.pool.DruidDataSource [http-nio-8090-exec-2] com.alibaba.druid.support.logging.Log4j2Impl.info(Log4j2Impl.java:106)  - {dataSource-1} inited
2019-08-12 11:24:30.211 INFO  com.tusdao.webservice.service.impl.CatalogInfoImpl [http-nio-8090-exec-2] com.tusdao.webservice.service.impl.WebServiceImpl.gzcxfwHlwWxcxInfoCs(WebServiceImpl.java:47)  - gzcxfwHlwWxrzInfoCs: 出参- responseStr:PD94bWwgdmVyc2lvbj0iMS4wIiBlbmNvZGluZz0iZ2JrIj8+Cjxyb290PjxkYXRhPjxCRENfR0tf
SU5ERVhfbGlzdD48bGlzdCB0eXBlPSJCRENfR0tfSU5ERVgiIHJvd051bT0iNiI+PEJEQ19HS19J
TkRFWCByb3dOdW09IjAiPjxZV0g+NDYwNjAwMDAwMjAxOTAwMDAwMDE8L1lXSD48Q1FCUz4xPC9D
UUJTPjxESkpHLz48WlNIPtHzxta3v7XY1qTX1rXaVDEyNjk1usU8L1pTSD48UVhETT40NjA2MDA8
L1FYRE0+PEpaTUo+MTIzPC9KWk1KPjxaTD7R88bWPC9aTD48R0hZVD4xMDwvR0hZVD48REpTSj4y
MDE5LTAxLTE1PC9ESlNKPjxZR0RKWkwvPjxUQUJOQU1FPkZEQ1EyPC9UQUJOQU1FPjxCRENEWUg+
NDYwNjAwNDE1MDA5R0IwMDAxMkYwMDA1MDA0NDwvQkRDRFlIPjxHSFlUX1ZJRVc+16HVrDwvR0hZ
VF9WSUVXPjxRTFJNQz6zwsP3PC9RTFJNQz48UUxSU0ZaPjEyMzQ1NjwvUUxSU0ZaPjxEWVFLPjA8
L0RZUUs+PENGUUs+MDwvQ0ZRSz48UVhETU1DPjQ2MDYwMDwvUVhETU1DPjwvQkRDX0dLX0lOREVY
PjxCRENfR0tfSU5ERVggcm93TnVtPSIxIj48WVdIPjQ2OTAwMjAwMDIwMTYwMDAwNTIyPC9ZV0g+
PENRQlM+MTwvQ1FCUz48REpKRz7H7bqjytCyu7avsvq1x7zHvtY8L0RKSkc+PFpTSD7H7aOoMjAx
NqOpx+26o8rQsru2r7L6yKi12jAwMDAwOTi6xTwvWlNIPjxRWERNPjQ2OTAwMjwvUVhETT48SlpN
Sj4wPC9KWk1KPjxaTC8+PEdIWVQvPjxESlNKPjIwMTYtMDgtMTk8L0RKU0o+PFlHREpaTC8+PFRB
Qk5BTUU+RkRDUTI8L1RBQk5BTUU+PEJEQ0RZSD40NjkwMDIxMDQwMDJHQjAwMDAxRjAwMTMwMDAz
PC9CRENEWUg+PEdIWVRfVklFVy8+PFFMUk1DPtXFwNc8L1FMUk1DPjxRTFJTRlo+MTIzNDU2PC9R
TFJTRlo+PERZUUs+MDwvRFlRSz48Q0ZRSz4wPC9DRlFLPjxRWERNTUM+x+26o8rQPC9RWERNTUM+
PC9CRENfR0tfSU5ERVg+PEJEQ19HS19JTkRFWCByb3dOdW09IjIiPjxZV0g+NDY5MDAyMDAwMjAx
NjAwMDA2OTY8L1lXSD48Q1FCUz4xPC9DUUJTPjxESkpHPsftuqPK0LK7tq+y+rXHvMe+1jwvREpK
Rz48WlNIPsfto6gyMDE2o6nH7bqjytCyu7avsvrIqLXaMDAwMDEwNLrFPC9aU0g+PFFYRE0+NDY5
MDAyPC9RWERNPjxKWk1KPjIwNDwvSlpNSj48Wkw+x+26o8rQuv7A79bT1azO5cDvMrrFMTAyytI8
L1pMPjxHSFlUPjEwPC9HSFlUPjxESlNKPjIwMTYtMDgtMTk8L0RKU0o+PFlHREpaTC8+PFRBQk5B
TUU+RkRDUTI8L1RBQk5BTUU+PEJEQ0RZSD40NjkwMDIxMDQwMDJHQjAwMDAxRjAwMDgwMDA0PC9C
RENEWUg+PEdIWVRfVklFVz7XodWsPC9HSFlUX1ZJRVc+PFFMUk1DPsDuw848L1FMUk1DPjxRTFJT
Rlo+MTIzNDU2PC9RTFJTRlo+PERZUUs+MDwvRFlRSz48Q0ZRSz4wPC9DRlFLPjxRWERNTUM+x+26
o8rQPC9RWERNTUM+PC9CRENfR0tfSU5ERVg+PEJEQ19HS19JTkRFWCByb3dOdW09IjMiPjxZV0g+
NDY5MDAyMDAwMjAxNjAwMDEyNjI8L1lXSD48Q1FCUz4xPC9DUUJTPjxESkpHPsftuqPK0LK7tq+y
+rXHvMe+1jwvREpKRz48WlNIPsfto6gyMDE2o6nH7bqjytCyu7avsvrIqLXaMDAwMDIzMbrFPC9a
U0g+PFFYRE0+NDY5MDAyPC9RWERNPjxKWk1KPjA8L0paTUo+PFpMLz48R0hZVC8+PERKU0o+MjAx
Ni0wOC0zMDwvREpTSj48WUdESlpMLz48VEFCTkFNRT5GRENRMjwvVEFCTkFNRT48QkRDRFlIPjQ2
OTAwMjEwNDAwMkdCMDAwMDFGMDAxMzAwMDQ8L0JEQ0RZSD48R0hZVF9WSUVXLz48UUxSTUM+t8nT
4zwvUUxSTUM+PFFMUlNGWj4xMjM0NTY8L1FMUlNGWj48RFlRSz4xPC9EWVFLPjxDRlFLPjA8L0NG
UUs+PFFYRE1NQz7H7bqjytA8L1FYRE1NQz48L0JEQ19HS19JTkRFWD48QkRDX0dLX0lOREVYIHJv
d051bT0iNCI+PFlXSD40NjkwMDIwMDAyMDE2MDAwMTg0MTwvWVdIPjxDUUJTPjE8L0NRQlM+PERK
Skc+x+26o8rQsru2r7L6tce8x77WPC9ESkpHPjxaU0g+x+2jqDIwMTajqcftuqPK0LK7tq+y+sio
tdowMDAwMzE3usU8L1pTSD48UVhETT40NjkwMDI8L1FYRE0+PEpaTUo+MTAyPC9KWk1KPjxaTD7H
7bqjytC6/sDv1tPVrM7lwO8yusUxMDHK0jwvWkw+PEdIWVQ+MTA8L0dIWVQ+PERKU0o+MjAxNi0w
OS0xMDwvREpTSj48WUdESlpMLz48VEFCTkFNRT5GRENRMjwvVEFCTkFNRT48QkRDRFlIPjQ2OTAw
MjEwMDA0NEdCMDAwMDFGMDAwNDAwMTA8L0JEQ0RZSD48R0hZVF9WSUVXPteh1aw8L0dIWVRfVklF
Vz48UUxSTUM+MTIzPC9RTFJNQz48UUxSU0ZaPjEyMzQ1NjwvUUxSU0ZaPjxEWVFLPjA8L0RZUUs+
PENGUUs+MDwvQ0ZRSz48UVhETU1DPsftuqPK0DwvUVhETU1DPjwvQkRDX0dLX0lOREVYPjxCRENf
R0tfSU5ERVggcm93TnVtPSI1Ij48WVdIPjQ2OTAwMjAwMDIwMTYwMDAxOTE1PC9ZV0g+PENRQlM+
MTwvQ1FCUz48REpKRy8+PFpTSD66o7e/yKjWpLqj19a12jAwObrFPC9aU0g+PFFYRE0+NDY5MDAy
PC9RWERNPjxKWk1KPjE1MDwvSlpNSj48Wkw+1tC5+jwvWkw+PEdIWVQ+MTA8L0dIWVQ+PERKU0o+
MjAxNi0wOS0xMDwvREpTSj48WUdESlpMLz48VEFCTkFNRT5GRENRMjwvVEFCTkFNRT48QkRDRFlI
PjQ2OTAwMjExMTAwNEdCMDAwMDFGMDAwNjAwMDE8L0JEQ0RZSD48R0hZVF9WSUVXPteh1aw8L0dI
WVRfVklFVz48UUxSTUM+wNe35jwvUUxSTUM+PFFMUlNGWj4xMjM0NTY8L1FMUlNGWj48RFlRSz4w
PC9EWVFLPjxDRlFLPjA8L0NGUUs+PFFYRE1NQz7H7bqjytA8L1FYRE1NQz48L0JEQ19HS19JTkRF
WD48L2xpc3Q+PC9CRENfR0tfSU5ERVhfbGlzdD48ZW1nPjxDWEJIPjIwMTkwODEyMTEyMzQ0OTMy
PC9DWEJIPjxYTT7Kt7rqzrA8L1hNPjxTRlpIPioqKio8L1NGWkg+PHJldHVybl9qZz4xPC9yZXR1
cm5famc+PC9lbWc+PC9kYXRhPjxyZXR1cm4+PGNvZGU+MTwvY29kZT48Q1hCSD4yMDE5MDgxMjEx
MjM0NDkzMjwvQ1hCSD48L3JldHVybj48L3Jvb3Q+
2019-08-12 11:32:41.993 INFO  com.tusdao.webservice.service.impl.CatalogInfoImpl [http-nio-8090-exec-5] com.tusdao.webservice.service.impl.WebServiceImpl.gzcxfwHlwWxrzInfoCs(WebServiceImpl.java:30)  - gzcxfwHlwWxrzInfoCs: 入参- wxid:c2h3NTIxbHg=, xm:章三, sfzh:110988987678909877, sjh:cWRxa2x1c2Vy, macId:MDAwMDAw, pawd:{}
2019-08-12 11:32:42.528 INFO  com.tusdao.webservice.service.impl.CatalogInfoImpl [http-nio-8090-exec-5] com.tusdao.webservice.service.impl.WebServiceImpl.gzcxfwHlwWxrzInfoCs(WebServiceImpl.java:36)  - gzcxfwHlwWxrzInfoCs: 出参- responseStr:PD94bWwgdmVyc2lvbj0iMS4wIiBlbmNvZGluZz0iZ2JrIj8+Cjxyb290PjxyZXR1cm4+PGNvZGU+
MTwvY29kZT48V1hJRD5zaHc1MjFseDwvV1hJRD48L3JldHVybj48L3Jvb3Q+
2019-08-12 11:40:13.101 INFO  com.alibaba.druid.pool.DruidDataSource [Thread-11] com.alibaba.druid.support.logging.Log4j2Impl.info(Log4j2Impl.java:106)  - {dataSource-1} closed
2019-08-12 11:40:19.901 INFO  com.tusdao.TusdaoWebserviceApplication [main] org.springframework.boot.StartupInfoLogger.logStarting(StartupInfoLogger.java:48)  - Starting TusdaoWebserviceApplication on yuelideMacBook-Pro.local with PID 1645 (/Users/yueli/work/code/tusdao-webservice/build/classes/main started by yueli in /Users/yueli/work/code/tusdao-webservice)
2019-08-12 11:40:19.908 INFO  com.tusdao.TusdaoWebserviceApplication [main] org.springframework.boot.SpringApplication.logStartupProfileInfo(SpringApplication.java:652)  - No active profile set, falling back to default profiles: default
2019-08-12 11:40:20.976 INFO  org.apache.catalina.core.StandardService [main] org.apache.juli.logging.DirectJDKLog.log(DirectJDKLog.java:180)  - Starting service [Tomcat]
2019-08-12 11:40:20.979 INFO  org.apache.catalina.core.StandardEngine [main] org.apache.juli.logging.DirectJDKLog.log(DirectJDKLog.java:180)  - Starting Servlet Engine: Apache Tomcat/8.5.27
2019-08-12 11:40:20.990 INFO  org.apache.catalina.core.AprLifecycleListener [localhost-startStop-1] org.apache.juli.logging.DirectJDKLog.log(DirectJDKLog.java:180)  - The APR based Apache Tomcat Native library which allows optimal performance in production environments was not found on the java.library.path: [/Users/yueli/Library/Java/Extensions:/Library/Java/Extensions:/Network/Library/Java/Extensions:/System/Library/Java/Extensions:/usr/lib/java:.]
2019-08-12 11:40:21.090 INFO  org.apache.catalina.core.ContainerBase.[Tomcat].[localhost].[/] [localhost-startStop-1] org.apache.juli.logging.DirectJDKLog.log(DirectJDKLog.java:180)  - Initializing Spring embedded WebApplicationContext
2019-08-12 11:40:21.826 INFO  org.apache.cxf.wsdl.service.factory.ReflectionServiceFactoryBean [main] org.apache.cxf.wsdl.service.factory.ReflectionServiceFactoryBean.buildServiceFromClass(ReflectionServiceFactoryBean.java:434)  - Creating Service {http://service.webservice.tusdao.com}gzcxfw_wx_webserviceService from class com.tusdao.webservice.service.WebService
2019-08-12 11:40:22.105 INFO  org.apache.cxf.endpoint.ServerImpl [main] org.apache.cxf.endpoint.ServerImpl.initDestination(ServerImpl.java:85)  - Setting the server's publish address to be /bdcgzcxfw_wx
2019-08-12 11:40:22.869 INFO  org.apache.coyote.http11.Http11NioProtocol [main] org.apache.juli.logging.DirectJDKLog.log(DirectJDKLog.java:180)  - Initializing ProtocolHandler ["http-nio-8090"]
2019-08-12 11:40:22.873 INFO  org.apache.coyote.http11.Http11NioProtocol [main] org.apache.juli.logging.DirectJDKLog.log(DirectJDKLog.java:180)  - Starting ProtocolHandler ["http-nio-8090"]
2019-08-12 11:40:22.895 INFO  org.apache.tomcat.util.net.NioSelectorPool [main] org.apache.juli.logging.DirectJDKLog.log(DirectJDKLog.java:180)  - Using a shared selector for servlet write/read
2019-08-12 11:40:22.911 INFO  com.tusdao.TusdaoWebserviceApplication [main] org.springframework.boot.StartupInfoLogger.logStarted(StartupInfoLogger.java:57)  - Started TusdaoWebserviceApplication in 3.79 seconds (JVM running for 4.652)
2019-08-12 11:40:32.599 INFO  com.tusdao.webservice.service.impl.CatalogInfoImpl [http-nio-8090-exec-2] com.tusdao.webservice.service.impl.WebServiceImpl.gzcxfwHlwWxrzInfoCs(WebServiceImpl.java:30)  - gzcxfwHlwWxrzInfoCs: 入参- wxid:c2h3NTIxbHg=, xm:章三, sfzh:110988987678909877, sjh:cWRxa2x1c2Vy, macId:MDAwMDAw, pawd:{}
2019-08-12 11:40:33.257 INFO  com.alibaba.druid.pool.DruidDataSource [http-nio-8090-exec-2] com.alibaba.druid.support.logging.Log4j2Impl.info(Log4j2Impl.java:106)  - {dataSource-1} inited
2019-08-12 11:40:33.756 INFO  com.tusdao.webservice.service.impl.CatalogInfoImpl [http-nio-8090-exec-2] com.tusdao.webservice.service.impl.WebServiceImpl.gzcxfwHlwWxrzInfoCs(WebServiceImpl.java:36)  - gzcxfwHlwWxrzInfoCs: 出参- responseStr:PD94bWwgdmVyc2lvbj0iMS4wIiBlbmNvZGluZz0iZ2JrIj8+Cjxyb290PjxyZXR1cm4+PGNvZGU+
MTwvY29kZT48V1hJRD5zaHc1MjFseDwvV1hJRD48L3JldHVybj48L3Jvb3Q+
2019-08-12 11:40:38.865 INFO  com.tusdao.webservice.service.impl.CatalogInfoImpl [http-nio-8090-exec-3] com.tusdao.webservice.service.impl.WebServiceImpl.gzcxfwHlwWxcxInfoCs(WebServiceImpl.java:42)  - gzcxfwHlwWxcxInfoCs: 入参- wxid:c2h3NTIxbHg=, macId:cWRxa2x1c2Vy, pawd:MDAwMDAw
2019-08-12 11:40:54.221 INFO  com.tusdao.webservice.service.impl.CatalogInfoImpl [http-nio-8090-exec-3] com.tusdao.webservice.service.impl.WebServiceImpl.gzcxfwHlwWxcxInfoCs(WebServiceImpl.java:47)  - gzcxfwHlwWxrzInfoCs: 出参- responseStr:PD94bWwgdmVyc2lvbj0iMS4wIiBlbmNvZGluZz0iZ2JrIj8+Cjxyb290PjxkYXRhPjxCRENfR0tf
SU5ERVhfbGlzdD48bGlzdCB0eXBlPSJCRENfR0tfSU5ERVgiIHJvd051bT0iNiI+PEJEQ19HS19J
TkRFWCByb3dOdW09IjAiPjxZV0g+NDYwNjAwMDAwMjAxOTAwMDAwMDE8L1lXSD48Q1FCUz4xPC9D
UUJTPjxESkpHLz48WlNIPtHzxta3v7XY1qTX1rXaVDEyNjk1usU8L1pTSD48UVhETT40NjA2MDA8
L1FYRE0+PEpaTUo+MTIzPC9KWk1KPjxaTD7R88bWPC9aTD48R0hZVD4xMDwvR0hZVD48REpTSj4y
MDE5LTAxLTE1PC9ESlNKPjxZR0RKWkwvPjxUQUJOQU1FPkZEQ1EyPC9UQUJOQU1FPjxCRENEWUg+
NDYwNjAwNDE1MDA5R0IwMDAxMkYwMDA1MDA0NDwvQkRDRFlIPjxHSFlUX1ZJRVc+16HVrDwvR0hZ
VF9WSUVXPjxRTFJNQz6zwsP3PC9RTFJNQz48UUxSU0ZaPjEyMzQ1NjwvUUxSU0ZaPjxEWVFLPjA8
L0RZUUs+PENGUUs+MDwvQ0ZRSz48UVhETU1DPjQ2MDYwMDwvUVhETU1DPjwvQkRDX0dLX0lOREVY
PjxCRENfR0tfSU5ERVggcm93TnVtPSIxIj48WVdIPjQ2OTAwMjAwMDIwMTYwMDAwNTIyPC9ZV0g+
PENRQlM+MTwvQ1FCUz48REpKRz7H7bqjytCyu7avsvq1x7zHvtY8L0RKSkc+PFpTSD7H7aOoMjAx
NqOpx+26o8rQsru2r7L6yKi12jAwMDAwOTi6xTwvWlNIPjxRWERNPjQ2OTAwMjwvUVhETT48SlpN
Sj4wPC9KWk1KPjxaTC8+PEdIWVQvPjxESlNKPjIwMTYtMDgtMTk8L0RKU0o+PFlHREpaTC8+PFRB
Qk5BTUU+RkRDUTI8L1RBQk5BTUU+PEJEQ0RZSD40NjkwMDIxMDQwMDJHQjAwMDAxRjAwMTMwMDAz
PC9CRENEWUg+PEdIWVRfVklFVy8+PFFMUk1DPtXFwNc8L1FMUk1DPjxRTFJTRlo+MTIzNDU2PC9R
TFJTRlo+PERZUUs+MDwvRFlRSz48Q0ZRSz4wPC9DRlFLPjxRWERNTUM+x+26o8rQPC9RWERNTUM+
PC9CRENfR0tfSU5ERVg+PEJEQ19HS19JTkRFWCByb3dOdW09IjIiPjxZV0g+NDY5MDAyMDAwMjAx
NjAwMDA2OTY8L1lXSD48Q1FCUz4xPC9DUUJTPjxESkpHPsftuqPK0LK7tq+y+rXHvMe+1jwvREpK
Rz48WlNIPsfto6gyMDE2o6nH7bqjytCyu7avsvrIqLXaMDAwMDEwNLrFPC9aU0g+PFFYRE0+NDY5
MDAyPC9RWERNPjxKWk1KPjIwNDwvSlpNSj48Wkw+x+26o8rQuv7A79bT1azO5cDvMrrFMTAyytI8
L1pMPjxHSFlUPjEwPC9HSFlUPjxESlNKPjIwMTYtMDgtMTk8L0RKU0o+PFlHREpaTC8+PFRBQk5B
TUU+RkRDUTI8L1RBQk5BTUU+PEJEQ0RZSD40NjkwMDIxMDQwMDJHQjAwMDAxRjAwMDgwMDA0PC9C
RENEWUg+PEdIWVRfVklFVz7XodWsPC9HSFlUX1ZJRVc+PFFMUk1DPsDuw848L1FMUk1DPjxRTFJT
Rlo+MTIzNDU2PC9RTFJTRlo+PERZUUs+MDwvRFlRSz48Q0ZRSz4wPC9DRlFLPjxRWERNTUM+x+26
o8rQPC9RWERNTUM+PC9CRENfR0tfSU5ERVg+PEJEQ19HS19JTkRFWCByb3dOdW09IjMiPjxZV0g+
NDY5MDAyMDAwMjAxNjAwMDEyNjI8L1lXSD48Q1FCUz4xPC9DUUJTPjxESkpHPsftuqPK0LK7tq+y
+rXHvMe+1jwvREpKRz48WlNIPsfto6gyMDE2o6nH7bqjytCyu7avsvrIqLXaMDAwMDIzMbrFPC9a
U0g+PFFYRE0+NDY5MDAyPC9RWERNPjxKWk1KPjA8L0paTUo+PFpMLz48R0hZVC8+PERKU0o+MjAx
Ni0wOC0zMDwvREpTSj48WUdESlpMLz48VEFCTkFNRT5GRENRMjwvVEFCTkFNRT48QkRDRFlIPjQ2
OTAwMjEwNDAwMkdCMDAwMDFGMDAxMzAwMDQ8L0JEQ0RZSD48R0hZVF9WSUVXLz48UUxSTUM+t8nT
4zwvUUxSTUM+PFFMUlNGWj4xMjM0NTY8L1FMUlNGWj48RFlRSz4xPC9EWVFLPjxDRlFLPjA8L0NG
UUs+PFFYRE1NQz7H7bqjytA8L1FYRE1NQz48L0JEQ19HS19JTkRFWD48QkRDX0dLX0lOREVYIHJv
d051bT0iNCI+PFlXSD40NjkwMDIwMDAyMDE2MDAwMTg0MTwvWVdIPjxDUUJTPjE8L0NRQlM+PERK
Skc+x+26o8rQsru2r7L6tce8x77WPC9ESkpHPjxaU0g+x+2jqDIwMTajqcftuqPK0LK7tq+y+sio
tdowMDAwMzE3usU8L1pTSD48UVhETT40NjkwMDI8L1FYRE0+PEpaTUo+MTAyPC9KWk1KPjxaTD7H
7bqjytC6/sDv1tPVrM7lwO8yusUxMDHK0jwvWkw+PEdIWVQ+MTA8L0dIWVQ+PERKU0o+MjAxNi0w
OS0xMDwvREpTSj48WUdESlpMLz48VEFCTkFNRT5GRENRMjwvVEFCTkFNRT48QkRDRFlIPjQ2OTAw
MjEwMDA0NEdCMDAwMDFGMDAwNDAwMTA8L0JEQ0RZSD48R0hZVF9WSUVXPteh1aw8L0dIWVRfVklF
Vz48UUxSTUM+MTIzPC9RTFJNQz48UUxSU0ZaPjEyMzQ1NjwvUUxSU0ZaPjxEWVFLPjA8L0RZUUs+
PENGUUs+MDwvQ0ZRSz48UVhETU1DPsftuqPK0DwvUVhETU1DPjwvQkRDX0dLX0lOREVYPjxCRENf
R0tfSU5ERVggcm93TnVtPSI1Ij48WVdIPjQ2OTAwMjAwMDIwMTYwMDAxOTE1PC9ZV0g+PENRQlM+
MTwvQ1FCUz48REpKRy8+PFpTSD66o7e/yKjWpLqj19a12jAwObrFPC9aU0g+PFFYRE0+NDY5MDAy
PC9RWERNPjxKWk1KPjE1MDwvSlpNSj48Wkw+1tC5+jwvWkw+PEdIWVQ+MTA8L0dIWVQ+PERKU0o+
MjAxNi0wOS0xMDwvREpTSj48WUdESlpMLz48VEFCTkFNRT5GRENRMjwvVEFCTkFNRT48QkRDRFlI
PjQ2OTAwMjExMTAwNEdCMDAwMDFGMDAwNjAwMDE8L0JEQ0RZSD48R0hZVF9WSUVXPteh1aw8L0dI
WVRfVklFVz48UUxSTUM+wNe35jwvUUxSTUM+PFFMUlNGWj4xMjM0NTY8L1FMUlNGWj48RFlRSz4w
PC9EWVFLPjxDRlFLPjA8L0NGUUs+PFFYRE1NQz7H7bqjytA8L1FYRE1NQz48L0JEQ19HS19JTkRF
WD48L2xpc3Q+PC9CRENfR0tfSU5ERVhfbGlzdD48ZW1nPjxDWEJIPjIwMTkwODEyMTE0MDA4OTMz
PC9DWEJIPjxYTT7Kt7rqzrA8L1hNPjxTRlpIPioqKio8L1NGWkg+PHJldHVybl9qZz4xPC9yZXR1
cm5famc+PC9lbWc+PC9kYXRhPjxyZXR1cm4+PGNvZGU+MTwvY29kZT48Q1hCSD4yMDE5MDgxMjEx
NDAwODkzMzwvQ1hCSD48L3JldHVybj48L3Jvb3Q+
2019-08-12 17:00:48.126 INFO  com.alibaba.druid.pool.DruidDataSource [Thread-10] com.alibaba.druid.support.logging.Log4j2Impl.info(Log4j2Impl.java:106)  - {dataSource-1} closed
2019-08-12 17:00:52.900 INFO  com.tusdao.TusdaoWebserviceApplication [main] org.springframework.boot.StartupInfoLogger.logStarting(StartupInfoLogger.java:48)  - Starting TusdaoWebserviceApplication on yuelideMacBook-Pro.local with PID 2467 (/Users/yueli/work/code/tusdao-webservice/build/classes/main started by yueli in /Users/yueli/work/code/tusdao-webservice)
2019-08-12 17:00:52.907 INFO  com.tusdao.TusdaoWebserviceApplication [main] org.springframework.boot.SpringApplication.logStartupProfileInfo(SpringApplication.java:652)  - No active profile set, falling back to default profiles: default
2019-08-12 17:00:53.974 INFO  org.apache.catalina.core.StandardService [main] org.apache.juli.logging.DirectJDKLog.log(DirectJDKLog.java:180)  - Starting service [Tomcat]
2019-08-12 17:00:53.976 INFO  org.apache.catalina.core.StandardEngine [main] org.apache.juli.logging.DirectJDKLog.log(DirectJDKLog.java:180)  - Starting Servlet Engine: Apache Tomcat/8.5.27
2019-08-12 17:00:53.985 INFO  org.apache.catalina.core.AprLifecycleListener [localhost-startStop-1] org.apache.juli.logging.DirectJDKLog.log(DirectJDKLog.java:180)  - The APR based Apache Tomcat Native library which allows optimal performance in production environments was not found on the java.library.path: [/Users/yueli/Library/Java/Extensions:/Library/Java/Extensions:/Network/Library/Java/Extensions:/System/Library/Java/Extensions:/usr/lib/java:.]
2019-08-12 17:00:54.052 INFO  org.apache.catalina.core.ContainerBase.[Tomcat].[localhost].[/] [localhost-startStop-1] org.apache.juli.logging.DirectJDKLog.log(DirectJDKLog.java:180)  - Initializing Spring embedded WebApplicationContext
2019-08-12 17:00:54.679 INFO  org.apache.cxf.wsdl.service.factory.ReflectionServiceFactoryBean [main] org.apache.cxf.wsdl.service.factory.ReflectionServiceFactoryBean.buildServiceFromClass(ReflectionServiceFactoryBean.java:434)  - Creating Service {http://service.webservice.tusdao.com}gzcxfw_wx_webserviceService from class com.tusdao.webservice.service.WebService
2019-08-12 17:00:54.941 INFO  org.apache.cxf.endpoint.ServerImpl [main] org.apache.cxf.endpoint.ServerImpl.initDestination(ServerImpl.java:85)  - Setting the server's publish address to be /bdcgzcxfw_wx
2019-08-12 17:00:55.619 INFO  org.apache.coyote.http11.Http11NioProtocol [main] org.apache.juli.logging.DirectJDKLog.log(DirectJDKLog.java:180)  - Initializing ProtocolHandler ["http-nio-8090"]
2019-08-12 17:00:55.624 INFO  org.apache.coyote.http11.Http11NioProtocol [main] org.apache.juli.logging.DirectJDKLog.log(DirectJDKLog.java:180)  - Starting ProtocolHandler ["http-nio-8090"]
2019-08-12 17:00:55.645 INFO  org.apache.tomcat.util.net.NioSelectorPool [main] org.apache.juli.logging.DirectJDKLog.log(DirectJDKLog.java:180)  - Using a shared selector for servlet write/read
2019-08-12 17:00:55.660 INFO  com.tusdao.TusdaoWebserviceApplication [main] org.springframework.boot.StartupInfoLogger.logStarted(StartupInfoLogger.java:57)  - Started TusdaoWebserviceApplication in 3.559 seconds (JVM running for 4.301)
2019-08-12 17:01:25.382 INFO  org.apache.catalina.core.ContainerBase.[Tomcat].[localhost].[/] [http-nio-8090-exec-2] org.apache.juli.logging.DirectJDKLog.log(DirectJDKLog.java:180)  - Initializing Spring FrameworkServlet 'dispatcherServlet'
2019-08-12 17:01:45.414 INFO  com.tusdao.webservice.service.impl.CatalogInfoImpl [http-nio-8090-exec-4] com.tusdao.webservice.service.impl.WebServiceImpl.gzcxfwHlwWxcxInfoCs(WebServiceImpl.java:42)  - gzcxfwHlwWxcxInfoCs: 入参- wxid:[WXID: null], macId:cWRxa2x1c2Vy, pawd:MDAwMDAw
2019-08-12 17:02:14.249 INFO  com.tusdao.webservice.service.impl.CatalogInfoImpl [http-nio-8090-exec-6] com.tusdao.webservice.service.impl.WebServiceImpl.gzcxfwHlwWxcxInfoCs(WebServiceImpl.java:42)  - gzcxfwHlwWxcxInfoCs: 入参- wxid:[WXID: null], macId:cWRxa2x1c2Vy, pawd:MDAwMDAw
2019-08-12 17:03:46.993 INFO  com.tusdao.TusdaoWebserviceApplication [main] org.springframework.boot.StartupInfoLogger.logStarting(StartupInfoLogger.java:48)  - Starting TusdaoWebserviceApplication on yuelideMacBook-Pro.local with PID 2517 (/Users/yueli/work/code/tusdao-webservice/build/classes/main started by yueli in /Users/yueli/work/code/tusdao-webservice)
2019-08-12 17:03:47.018 INFO  com.tusdao.TusdaoWebserviceApplication [main] org.springframework.boot.SpringApplication.logStartupProfileInfo(SpringApplication.java:652)  - No active profile set, falling back to default profiles: default
2019-08-12 17:03:48.312 INFO  org.apache.catalina.core.StandardService [main] org.apache.juli.logging.DirectJDKLog.log(DirectJDKLog.java:180)  - Starting service [Tomcat]
2019-08-12 17:03:48.313 INFO  org.apache.catalina.core.StandardEngine [main] org.apache.juli.logging.DirectJDKLog.log(DirectJDKLog.java:180)  - Starting Servlet Engine: Apache Tomcat/8.5.27
2019-08-12 17:03:48.320 INFO  org.apache.catalina.core.AprLifecycleListener [localhost-startStop-1] org.apache.juli.logging.DirectJDKLog.log(DirectJDKLog.java:180)  - The APR based Apache Tomcat Native library which allows optimal performance in production environments was not found on the java.library.path: [/Users/yueli/Library/Java/Extensions:/Library/Java/Extensions:/Network/Library/Java/Extensions:/System/Library/Java/Extensions:/usr/lib/java:.]
2019-08-12 17:03:48.377 INFO  org.apache.catalina.core.ContainerBase.[Tomcat].[localhost].[/] [localhost-startStop-1] org.apache.juli.logging.DirectJDKLog.log(DirectJDKLog.java:180)  - Initializing Spring embedded WebApplicationContext
2019-08-12 17:03:49.017 INFO  org.apache.cxf.wsdl.service.factory.ReflectionServiceFactoryBean [main] org.apache.cxf.wsdl.service.factory.ReflectionServiceFactoryBean.buildServiceFromClass(ReflectionServiceFactoryBean.java:434)  - Creating Service {http://service.webservice.tusdao.com}gzcxfw_wx_webserviceService from class com.tusdao.webservice.service.WebService
2019-08-12 17:03:49.279 INFO  org.apache.cxf.endpoint.ServerImpl [main] org.apache.cxf.endpoint.ServerImpl.initDestination(ServerImpl.java:85)  - Setting the server's publish address to be /bdcgzcxfw_wx
2019-08-12 17:03:49.911 INFO  org.apache.coyote.http11.Http11NioProtocol [main] org.apache.juli.logging.DirectJDKLog.log(DirectJDKLog.java:180)  - Initializing ProtocolHandler ["http-nio-8090"]
2019-08-12 17:03:49.916 INFO  org.apache.coyote.http11.Http11NioProtocol [main] org.apache.juli.logging.DirectJDKLog.log(DirectJDKLog.java:180)  - Starting ProtocolHandler ["http-nio-8090"]
2019-08-12 17:03:49.936 INFO  org.apache.tomcat.util.net.NioSelectorPool [main] org.apache.juli.logging.DirectJDKLog.log(DirectJDKLog.java:180)  - Using a shared selector for servlet write/read
2019-08-12 17:03:49.954 INFO  com.tusdao.TusdaoWebserviceApplication [main] org.springframework.boot.StartupInfoLogger.logStarted(StartupInfoLogger.java:57)  - Started TusdaoWebserviceApplication in 3.708 seconds (JVM running for 4.441)
2019-08-12 17:03:55.791 INFO  com.tusdao.webservice.service.impl.CatalogInfoImpl [http-nio-8090-exec-2] com.tusdao.webservice.service.impl.WebServiceImpl.gzcxfwHlwWxcxInfoCs(WebServiceImpl.java:43)  - gzcxfwHlwWxcxInfoCs: 入参- wxid:com.sun.org.apache.xerces.internal.dom.ElementNSImpl@68249671, macId:cWRxa2x1c2Vy, pawd:MDAwMDAw
2019-08-12 17:14:28.196 INFO  com.tusdao.TusdaoWebserviceApplication [main] org.springframework.boot.StartupInfoLogger.logStarting(StartupInfoLogger.java:48)  - Starting TusdaoWebserviceApplication on yuelideMacBook-Pro.local with PID 2595 (/Users/yueli/work/code/tusdao-webservice/build/classes/main started by yueli in /Users/yueli/work/code/tusdao-webservice)
2019-08-12 17:14:28.203 INFO  com.tusdao.TusdaoWebserviceApplication [main] org.springframework.boot.SpringApplication.logStartupProfileInfo(SpringApplication.java:652)  - No active profile set, falling back to default profiles: default
2019-08-12 17:14:29.231 INFO  org.apache.catalina.core.StandardService [main] org.apache.juli.logging.DirectJDKLog.log(DirectJDKLog.java:180)  - Starting service [Tomcat]
2019-08-12 17:14:29.232 INFO  org.apache.catalina.core.StandardEngine [main] org.apache.juli.logging.DirectJDKLog.log(DirectJDKLog.java:180)  - Starting Servlet Engine: Apache Tomcat/8.5.27
2019-08-12 17:14:29.241 INFO  org.apache.catalina.core.AprLifecycleListener [localhost-startStop-1] org.apache.juli.logging.DirectJDKLog.log(DirectJDKLog.java:180)  - The APR based Apache Tomcat Native library which allows optimal performance in production environments was not found on the java.library.path: [/Users/yueli/Library/Java/Extensions:/Library/Java/Extensions:/Network/Library/Java/Extensions:/System/Library/Java/Extensions:/usr/lib/java:.]
2019-08-12 17:14:29.311 INFO  org.apache.catalina.core.ContainerBase.[Tomcat].[localhost].[/] [localhost-startStop-1] org.apache.juli.logging.DirectJDKLog.log(DirectJDKLog.java:180)  - Initializing Spring embedded WebApplicationContext
2019-08-12 17:14:30.008 INFO  org.apache.cxf.wsdl.service.factory.ReflectionServiceFactoryBean [main] org.apache.cxf.wsdl.service.factory.ReflectionServiceFactoryBean.buildServiceFromClass(ReflectionServiceFactoryBean.java:434)  - Creating Service {http://service.webservice.tusdao.com}gzcxfw_wx_webserviceService from class com.tusdao.webservice.service.WebService
2019-08-12 17:14:30.321 INFO  org.apache.cxf.endpoint.ServerImpl [main] org.apache.cxf.endpoint.ServerImpl.initDestination(ServerImpl.java:85)  - Setting the server's publish address to be /bdcgzcxfw_wx
2019-08-12 17:14:31.017 INFO  org.apache.coyote.http11.Http11NioProtocol [main] org.apache.juli.logging.DirectJDKLog.log(DirectJDKLog.java:180)  - Initializing ProtocolHandler ["http-nio-8090"]
2019-08-12 17:14:31.022 INFO  org.apache.coyote.http11.Http11NioProtocol [main] org.apache.juli.logging.DirectJDKLog.log(DirectJDKLog.java:180)  - Starting ProtocolHandler ["http-nio-8090"]
2019-08-12 17:14:31.046 INFO  org.apache.tomcat.util.net.NioSelectorPool [main] org.apache.juli.logging.DirectJDKLog.log(DirectJDKLog.java:180)  - Using a shared selector for servlet write/read
2019-08-12 17:14:31.068 INFO  com.tusdao.TusdaoWebserviceApplication [main] org.springframework.boot.StartupInfoLogger.logStarted(StartupInfoLogger.java:57)  - Started TusdaoWebserviceApplication in 3.57 seconds (JVM running for 4.592)
2019-08-12 19:06:48.753 INFO  com.tusdao.TusdaoWebserviceApplication [main] org.springframework.boot.StartupInfoLogger.logStarting(StartupInfoLogger.java:48)  - Starting TusdaoWebserviceApplication on yuelideMacBook-Pro.local with PID 2684 (/Users/yueli/work/code/tusdao-webservice/build/classes/main started by yueli in /Users/yueli/work/code/tusdao-webservice)
2019-08-12 19:06:48.761 INFO  com.tusdao.TusdaoWebserviceApplication [main] org.springframework.boot.SpringApplication.logStartupProfileInfo(SpringApplication.java:652)  - No active profile set, falling back to default profiles: default
2019-08-12 19:06:50.054 INFO  org.apache.catalina.core.StandardService [main] org.apache.juli.logging.DirectJDKLog.log(DirectJDKLog.java:180)  - Starting service [Tomcat]
2019-08-12 19:06:50.055 INFO  org.apache.catalina.core.StandardEngine [main] org.apache.juli.logging.DirectJDKLog.log(DirectJDKLog.java:180)  - Starting Servlet Engine: Apache Tomcat/8.5.27
2019-08-12 19:06:50.065 INFO  org.apache.catalina.core.AprLifecycleListener [localhost-startStop-1] org.apache.juli.logging.DirectJDKLog.log(DirectJDKLog.java:180)  - The APR based Apache Tomcat Native library which allows optimal performance in production environments was not found on the java.library.path: [/Users/yueli/Library/Java/Extensions:/Library/Java/Extensions:/Network/Library/Java/Extensions:/System/Library/Java/Extensions:/usr/lib/java:.]
2019-08-12 19:06:50.142 INFO  org.apache.catalina.core.ContainerBase.[Tomcat].[localhost].[/] [localhost-startStop-1] org.apache.juli.logging.DirectJDKLog.log(DirectJDKLog.java:180)  - Initializing Spring embedded WebApplicationContext
2019-08-12 19:06:50.937 INFO  org.apache.cxf.wsdl.service.factory.ReflectionServiceFactoryBean [main] org.apache.cxf.wsdl.service.factory.ReflectionServiceFactoryBean.buildServiceFromClass(ReflectionServiceFactoryBean.java:434)  - Creating Service {http://service.webservice.tusdao.com}gzcxfw_wx_webserviceService from class com.tusdao.webservice.service.WebService
2019-08-12 19:06:51.322 INFO  org.apache.cxf.endpoint.ServerImpl [main] org.apache.cxf.endpoint.ServerImpl.initDestination(ServerImpl.java:85)  - Setting the server's publish address to be /bdcgzcxfw_wx
2019-08-12 19:06:52.026 INFO  org.apache.coyote.http11.Http11NioProtocol [main] org.apache.juli.logging.DirectJDKLog.log(DirectJDKLog.java:180)  - Initializing ProtocolHandler ["http-nio-8090"]
2019-08-12 19:06:52.032 INFO  org.apache.coyote.http11.Http11NioProtocol [main] org.apache.juli.logging.DirectJDKLog.log(DirectJDKLog.java:180)  - Starting ProtocolHandler ["http-nio-8090"]
2019-08-12 19:06:52.056 INFO  org.apache.tomcat.util.net.NioSelectorPool [main] org.apache.juli.logging.DirectJDKLog.log(DirectJDKLog.java:180)  - Using a shared selector for servlet write/read
2019-08-12 19:06:52.079 INFO  com.tusdao.TusdaoWebserviceApplication [main] org.springframework.boot.StartupInfoLogger.logStarted(StartupInfoLogger.java:57)  - Started TusdaoWebserviceApplication in 3.965 seconds (JVM running for 5.325)
2019-08-12 19:07:01.513 INFO  com.tusdao.webservice.service.impl.CatalogInfoImpl [http-nio-8090-exec-2] com.tusdao.webservice.service.impl.WebServiceImpl.gzcxfwHlwWxcxInfoCs(WebServiceImpl.java:42)  - gzcxfwHlwWxcxInfoCs: 入参- wxid:c2h3NTIxbHg=, macId:cWRxa2x1c2Vy, pawd:MDAwMDAw
2019-08-12 19:07:02.437 INFO  com.alibaba.druid.pool.DruidDataSource [http-nio-8090-exec-2] com.alibaba.druid.support.logging.Log4j2Impl.info(Log4j2Impl.java:106)  - {dataSource-1} inited
2019-08-12 19:17:24.033 INFO  com.alibaba.druid.pool.DruidDataSource [Thread-12] com.alibaba.druid.support.logging.Log4j2Impl.info(Log4j2Impl.java:106)  - {dataSource-1} closed
2019-08-12 19:17:29.560 INFO  com.tusdao.TusdaoWebserviceApplication [main] org.springframework.boot.StartupInfoLogger.logStarting(StartupInfoLogger.java:48)  - Starting TusdaoWebserviceApplication on yuelideMacBook-Pro.local with PID 2807 (/Users/yueli/work/code/tusdao-webservice/build/classes/main started by yueli in /Users/yueli/work/code/tusdao-webservice)
2019-08-12 19:17:29.568 INFO  com.tusdao.TusdaoWebserviceApplication [main] org.springframework.boot.SpringApplication.logStartupProfileInfo(SpringApplication.java:652)  - No active profile set, falling back to default profiles: default
2019-08-12 19:17:30.656 INFO  org.apache.catalina.core.StandardService [main] org.apache.juli.logging.DirectJDKLog.log(DirectJDKLog.java:180)  - Starting service [Tomcat]
2019-08-12 19:17:30.657 INFO  org.apache.catalina.core.StandardEngine [main] org.apache.juli.logging.DirectJDKLog.log(DirectJDKLog.java:180)  - Starting Servlet Engine: Apache Tomcat/8.5.27
2019-08-12 19:17:30.666 INFO  org.apache.catalina.core.AprLifecycleListener [localhost-startStop-1] org.apache.juli.logging.DirectJDKLog.log(DirectJDKLog.java:180)  - The APR based Apache Tomcat Native library which allows optimal performance in production environments was not found on the java.library.path: [/Users/yueli/Library/Java/Extensions:/Library/Java/Extensions:/Network/Library/Java/Extensions:/System/Library/Java/Extensions:/usr/lib/java:.]
2019-08-12 19:17:30.733 INFO  org.apache.catalina.core.ContainerBase.[Tomcat].[localhost].[/] [localhost-startStop-1] org.apache.juli.logging.DirectJDKLog.log(DirectJDKLog.java:180)  - Initializing Spring embedded WebApplicationContext
2019-08-12 19:17:31.465 INFO  org.apache.cxf.wsdl.service.factory.ReflectionServiceFactoryBean [main] org.apache.cxf.wsdl.service.factory.ReflectionServiceFactoryBean.buildServiceFromClass(ReflectionServiceFactoryBean.java:434)  - Creating Service {http://service.webservice.tusdao.com}gzcxfw_wx_webserviceService from class com.tusdao.webservice.service.WebService
2019-08-12 19:17:31.738 INFO  org.apache.cxf.endpoint.ServerImpl [main] org.apache.cxf.endpoint.ServerImpl.initDestination(ServerImpl.java:85)  - Setting the server's publish address to be /bdcgzcxfw_wx
2019-08-12 19:17:32.461 INFO  org.apache.coyote.http11.Http11NioProtocol [main] org.apache.juli.logging.DirectJDKLog.log(DirectJDKLog.java:180)  - Initializing ProtocolHandler ["http-nio-8090"]
2019-08-12 19:17:32.470 INFO  org.apache.coyote.http11.Http11NioProtocol [main] org.apache.juli.logging.DirectJDKLog.log(DirectJDKLog.java:180)  - Starting ProtocolHandler ["http-nio-8090"]
2019-08-12 19:17:32.497 INFO  org.apache.tomcat.util.net.NioSelectorPool [main] org.apache.juli.logging.DirectJDKLog.log(DirectJDKLog.java:180)  - Using a shared selector for servlet write/read
2019-08-12 19:17:32.517 INFO  com.tusdao.TusdaoWebserviceApplication [main] org.springframework.boot.StartupInfoLogger.logStarted(StartupInfoLogger.java:57)  - Started TusdaoWebserviceApplication in 3.661 seconds (JVM running for 4.469)
2019-08-12 19:17:43.348 INFO  com.tusdao.webservice.service.impl.CatalogInfoImpl [http-nio-8090-exec-2] com.tusdao.webservice.service.impl.WebServiceImpl.gzcxfwHlwWxcxInfoCs(WebServiceImpl.java:42)  - gzcxfwHlwWxcxInfoCs: 入参- wxid:c2h3NTIxbHg=, macId:cWRxa2x1c2Vy, pawd:MDAwMDAw
2019-08-12 19:17:44.280 INFO  com.alibaba.druid.pool.DruidDataSource [http-nio-8090-exec-2] com.alibaba.druid.support.logging.Log4j2Impl.info(Log4j2Impl.java:106)  - {dataSource-1} inited
2019-08-12 19:18:41.869 INFO  com.tusdao.webservice.service.impl.CatalogInfoImpl [http-nio-8090-exec-4] com.tusdao.webservice.service.impl.WebServiceImpl.gzcxfwHlwWxcxInfoCs(WebServiceImpl.java:42)  - gzcxfwHlwWxcxInfoCs: 入参- wxid:c2h3NTIxbHg=, macId:cWRxa2x1c2Vy, pawd:MDAwMDAw
2019-08-12 19:19:18.004 INFO  com.tusdao.webservice.service.impl.CatalogInfoImpl [http-nio-8090-exec-6] com.tusdao.webservice.service.impl.WebServiceImpl.gzcxfwHlwWxcxInfoCs(WebServiceImpl.java:42)  - gzcxfwHlwWxcxInfoCs: 入参- wxid:c2h3NTIxbHg=, macId:cWRxa2x1c2Vy, pawd:MDAwMDAw
2019-08-12 19:19:54.871 INFO  com.alibaba.druid.pool.DruidDataSource [Thread-10] com.alibaba.druid.support.logging.Log4j2Impl.info(Log4j2Impl.java:106)  - {dataSource-1} closed
2019-08-12 19:20:06.554 INFO  com.tusdao.TusdaoWebserviceApplication [main] org.springframework.boot.StartupInfoLogger.logStarting(StartupInfoLogger.java:48)  - Starting TusdaoWebserviceApplication on yuelideMacBook-Pro.local with PID 2826 (/Users/yueli/work/code/tusdao-webservice/build/classes/main started by yueli in /Users/yueli/work/code/tusdao-webservice)
2019-08-12 19:20:06.568 INFO  com.tusdao.TusdaoWebserviceApplication [main] org.springframework.boot.SpringApplication.logStartupProfileInfo(SpringApplication.java:652)  - No active profile set, falling back to default profiles: default
2019-08-12 19:20:07.593 INFO  org.apache.catalina.core.StandardService [main] org.apache.juli.logging.DirectJDKLog.log(DirectJDKLog.java:180)  - Starting service [Tomcat]
2019-08-12 19:20:07.595 INFO  org.apache.catalina.core.StandardEngine [main] org.apache.juli.logging.DirectJDKLog.log(DirectJDKLog.java:180)  - Starting Servlet Engine: Apache Tomcat/8.5.27
2019-08-12 19:20:07.605 INFO  org.apache.catalina.core.AprLifecycleListener [localhost-startStop-1] org.apache.juli.logging.DirectJDKLog.log(DirectJDKLog.java:180)  - The APR based Apache Tomcat Native library which allows optimal performance in production environments was not found on the java.library.path: [/Users/yueli/Library/Java/Extensions:/Library/Java/Extensions:/Network/Library/Java/Extensions:/System/Library/Java/Extensions:/usr/lib/java:.]
2019-08-12 19:20:07.696 INFO  org.apache.catalina.core.ContainerBase.[Tomcat].[localhost].[/] [localhost-startStop-1] org.apache.juli.logging.DirectJDKLog.log(DirectJDKLog.java:180)  - Initializing Spring embedded WebApplicationContext
2019-08-12 19:20:08.341 INFO  org.apache.cxf.wsdl.service.factory.ReflectionServiceFactoryBean [main] org.apache.cxf.wsdl.service.factory.ReflectionServiceFactoryBean.buildServiceFromClass(ReflectionServiceFactoryBean.java:434)  - Creating Service {http://service.webservice.tusdao.com}gzcxfw_wx_webserviceService from class com.tusdao.webservice.service.WebService
2019-08-12 19:20:08.595 INFO  org.apache.cxf.endpoint.ServerImpl [main] org.apache.cxf.endpoint.ServerImpl.initDestination(ServerImpl.java:85)  - Setting the server's publish address to be /bdcgzcxfw_wx
2019-08-12 19:20:09.285 INFO  org.apache.coyote.http11.Http11NioProtocol [main] org.apache.juli.logging.DirectJDKLog.log(DirectJDKLog.java:180)  - Initializing ProtocolHandler ["http-nio-8090"]
2019-08-12 19:20:09.293 INFO  org.apache.coyote.http11.Http11NioProtocol [main] org.apache.juli.logging.DirectJDKLog.log(DirectJDKLog.java:180)  - Starting ProtocolHandler ["http-nio-8090"]
2019-08-12 19:20:09.326 INFO  org.apache.tomcat.util.net.NioSelectorPool [main] org.apache.juli.logging.DirectJDKLog.log(DirectJDKLog.java:180)  - Using a shared selector for servlet write/read
2019-08-12 19:20:09.345 INFO  com.tusdao.TusdaoWebserviceApplication [main] org.springframework.boot.StartupInfoLogger.logStarted(StartupInfoLogger.java:57)  - Started TusdaoWebserviceApplication in 3.421 seconds (JVM running for 4.244)
2019-08-12 19:20:48.831 INFO  com.tusdao.webservice.service.impl.CatalogInfoImpl [http-nio-8090-exec-1] com.tusdao.webservice.service.impl.WebServiceImpl.gzcxfwHlwWxcxInfoCs(WebServiceImpl.java:42)  - gzcxfwHlwWxcxInfoCs: 入参- wxid:c2h3NTIxbHg=, macId:cWRxa2x1c2Vy, pawd:MDAwMDAw
2019-08-12 19:20:49.516 INFO  com.alibaba.druid.pool.DruidDataSource [http-nio-8090-exec-1] com.alibaba.druid.support.logging.Log4j2Impl.info(Log4j2Impl.java:106)  - {dataSource-1} inited
2019-08-12 19:23:09.213 INFO  com.alibaba.druid.pool.DruidDataSource [Thread-10] com.alibaba.druid.support.logging.Log4j2Impl.info(Log4j2Impl.java:106)  - {dataSource-1} closed
2019-08-12 19:23:15.960 INFO  com.tusdao.TusdaoWebserviceApplication [main] org.springframework.boot.StartupInfoLogger.logStarting(StartupInfoLogger.java:48)  - Starting TusdaoWebserviceApplication on yuelideMacBook-Pro.local with PID 2832 (/Users/yueli/work/code/tusdao-webservice/build/classes/main started by yueli in /Users/yueli/work/code/tusdao-webservice)
2019-08-12 19:23:15.966 INFO  com.tusdao.TusdaoWebserviceApplication [main] org.springframework.boot.SpringApplication.logStartupProfileInfo(SpringApplication.java:652)  - No active profile set, falling back to default profiles: default
2019-08-12 19:23:17.348 INFO  org.apache.catalina.core.StandardService [main] org.apache.juli.logging.DirectJDKLog.log(DirectJDKLog.java:180)  - Starting service [Tomcat]
2019-08-12 19:23:17.350 INFO  org.apache.catalina.core.StandardEngine [main] org.apache.juli.logging.DirectJDKLog.log(DirectJDKLog.java:180)  - Starting Servlet Engine: Apache Tomcat/8.5.27
2019-08-12 19:23:17.363 INFO  org.apache.catalina.core.AprLifecycleListener [localhost-startStop-1] org.apache.juli.logging.DirectJDKLog.log(DirectJDKLog.java:180)  - The APR based Apache Tomcat Native library which allows optimal performance in production environments was not found on the java.library.path: [/Users/yueli/Library/Java/Extensions:/Library/Java/Extensions:/Network/Library/Java/Extensions:/System/Library/Java/Extensions:/usr/lib/java:.]
2019-08-12 19:23:17.455 INFO  org.apache.catalina.core.ContainerBase.[Tomcat].[localhost].[/] [localhost-startStop-1] org.apache.juli.logging.DirectJDKLog.log(DirectJDKLog.java:180)  - Initializing Spring embedded WebApplicationContext
2019-08-12 19:23:18.275 INFO  org.apache.cxf.wsdl.service.factory.ReflectionServiceFactoryBean [main] org.apache.cxf.wsdl.service.factory.ReflectionServiceFactoryBean.buildServiceFromClass(ReflectionServiceFactoryBean.java:434)  - Creating Service {http://service.webservice.tusdao.com}gzcxfw_wx_webserviceService from class com.tusdao.webservice.service.WebService
2019-08-12 19:23:18.619 INFO  org.apache.cxf.endpoint.ServerImpl [main] org.apache.cxf.endpoint.ServerImpl.initDestination(ServerImpl.java:85)  - Setting the server's publish address to be /bdcgzcxfw_wx
2019-08-12 19:23:19.606 INFO  org.apache.coyote.http11.Http11NioProtocol [main] org.apache.juli.logging.DirectJDKLog.log(DirectJDKLog.java:180)  - Initializing ProtocolHandler ["http-nio-8090"]
2019-08-12 19:23:19.612 INFO  org.apache.coyote.http11.Http11NioProtocol [main] org.apache.juli.logging.DirectJDKLog.log(DirectJDKLog.java:180)  - Starting ProtocolHandler ["http-nio-8090"]
2019-08-12 19:23:19.633 INFO  org.apache.tomcat.util.net.NioSelectorPool [main] org.apache.juli.logging.DirectJDKLog.log(DirectJDKLog.java:180)  - Using a shared selector for servlet write/read
2019-08-12 19:23:19.653 INFO  com.tusdao.TusdaoWebserviceApplication [main] org.springframework.boot.StartupInfoLogger.logStarted(StartupInfoLogger.java:57)  - Started TusdaoWebserviceApplication in 4.258 seconds (JVM running for 6.239)
2019-08-12 19:31:49.505 INFO  com.tusdao.webservice.service.impl.CatalogInfoImpl [http-nio-8090-exec-2] com.tusdao.webservice.service.impl.WebServiceImpl.gzcxfwHlwWxcxInfoCs(WebServiceImpl.java:42)  - gzcxfwHlwWxcxInfoCs: 入参- wxid:c2h3NTIxbHg=, macId:cWRxa2x1c2Vy, pawd:MDAwMDAw
2019-08-12 19:31:50.235 INFO  com.alibaba.druid.pool.DruidDataSource [http-nio-8090-exec-2] com.alibaba.druid.support.logging.Log4j2Impl.info(Log4j2Impl.java:106)  - {dataSource-1} inited
2019-08-12 19:31:57.038 INFO  com.tusdao.TusdaoWebserviceApplication [main] org.springframework.boot.StartupInfoLogger.logStarting(StartupInfoLogger.java:48)  - Starting TusdaoWebserviceApplication on yuelideMacBook-Pro.local with PID 2860 (/Users/yueli/work/code/tusdao-webservice/build/classes/main started by yueli in /Users/yueli/work/code/tusdao-webservice)
2019-08-12 19:31:57.048 INFO  com.tusdao.TusdaoWebserviceApplication [main] org.springframework.boot.SpringApplication.logStartupProfileInfo(SpringApplication.java:652)  - No active profile set, falling back to default profiles: default
2019-08-12 19:31:58.216 INFO  org.apache.catalina.core.StandardService [main] org.apache.juli.logging.DirectJDKLog.log(DirectJDKLog.java:180)  - Starting service [Tomcat]
2019-08-12 19:31:58.219 INFO  org.apache.catalina.core.StandardEngine [main] org.apache.juli.logging.DirectJDKLog.log(DirectJDKLog.java:180)  - Starting Servlet Engine: Apache Tomcat/8.5.27
2019-08-12 19:31:58.232 INFO  org.apache.catalina.core.AprLifecycleListener [localhost-startStop-1] org.apache.juli.logging.DirectJDKLog.log(DirectJDKLog.java:180)  - The APR based Apache Tomcat Native library which allows optimal performance in production environments was not found on the java.library.path: [/Users/yueli/Library/Java/Extensions:/Library/Java/Extensions:/Network/Library/Java/Extensions:/System/Library/Java/Extensions:/usr/lib/java:.]
2019-08-12 19:31:58.333 INFO  org.apache.catalina.core.ContainerBase.[Tomcat].[localhost].[/] [localhost-startStop-1] org.apache.juli.logging.DirectJDKLog.log(DirectJDKLog.java:180)  - Initializing Spring embedded WebApplicationContext
2019-08-12 19:31:59.140 INFO  org.apache.cxf.wsdl.service.factory.ReflectionServiceFactoryBean [main] org.apache.cxf.wsdl.service.factory.ReflectionServiceFactoryBean.buildServiceFromClass(ReflectionServiceFactoryBean.java:434)  - Creating Service {http://service.webservice.tusdao.com}gzcxfw_wx_webserviceService from class com.tusdao.webservice.service.WebService
2019-08-12 19:31:59.478 INFO  org.apache.cxf.endpoint.ServerImpl [main] org.apache.cxf.endpoint.ServerImpl.initDestination(ServerImpl.java:85)  - Setting the server's publish address to be /bdcgzcxfw_wx
2019-08-12 19:32:00.415 INFO  org.apache.coyote.http11.Http11NioProtocol [main] org.apache.juli.logging.DirectJDKLog.log(DirectJDKLog.java:180)  - Initializing ProtocolHandler ["http-nio-8090"]
2019-08-12 19:32:00.420 INFO  org.apache.coyote.http11.Http11NioProtocol [main] org.apache.juli.logging.DirectJDKLog.log(DirectJDKLog.java:180)  - Starting ProtocolHandler ["http-nio-8090"]
2019-08-12 19:32:00.442 INFO  org.apache.tomcat.util.net.NioSelectorPool [main] org.apache.juli.logging.DirectJDKLog.log(DirectJDKLog.java:180)  - Using a shared selector for servlet write/read
2019-08-12 19:32:00.460 INFO  com.tusdao.TusdaoWebserviceApplication [main] org.springframework.boot.StartupInfoLogger.logStarted(StartupInfoLogger.java:57)  - Started TusdaoWebserviceApplication in 4.116 seconds (JVM running for 5.395)
2019-08-12 19:32:20.545 INFO  com.tusdao.webservice.service.impl.CatalogInfoImpl [http-nio-8090-exec-1] com.tusdao.webservice.service.impl.WebServiceImpl.gzcxfwHlwWxcxInfoCs(WebServiceImpl.java:42)  - gzcxfwHlwWxcxInfoCs: 入参- wxid:c2h3NTIxbHg=, macId:cWRxa2x1c2Vy, pawd:MDAwMDAw
2019-08-12 19:32:21.140 INFO  com.alibaba.druid.pool.DruidDataSource [http-nio-8090-exec-1] com.alibaba.druid.support.logging.Log4j2Impl.info(Log4j2Impl.java:106)  - {dataSource-1} inited
2019-08-12 19:33:11.939 INFO  com.alibaba.druid.pool.DruidDataSource [Thread-11] com.alibaba.druid.support.logging.Log4j2Impl.info(Log4j2Impl.java:106)  - {dataSource-1} closed
2019-08-12 19:33:22.481 INFO  com.tusdao.TusdaoWebserviceApplication [main] org.springframework.boot.StartupInfoLogger.logStarting(StartupInfoLogger.java:48)  - Starting TusdaoWebserviceApplication on yuelideMacBook-Pro.local with PID 2873 (/Users/yueli/work/code/tusdao-webservice/build/classes/main started by yueli in /Users/yueli/work/code/tusdao-webservice)
2019-08-12 19:33:22.487 INFO  com.tusdao.TusdaoWebserviceApplication [main] org.springframework.boot.SpringApplication.logStartupProfileInfo(SpringApplication.java:652)  - No active profile set, falling back to default profiles: default
2019-08-12 19:33:23.880 INFO  org.apache.catalina.core.StandardService [main] org.apache.juli.logging.DirectJDKLog.log(DirectJDKLog.java:180)  - Starting service [Tomcat]
2019-08-12 19:33:23.881 INFO  org.apache.catalina.core.StandardEngine [main] org.apache.juli.logging.DirectJDKLog.log(DirectJDKLog.java:180)  - Starting Servlet Engine: Apache Tomcat/8.5.27
2019-08-12 19:33:23.889 INFO  org.apache.catalina.core.AprLifecycleListener [localhost-startStop-1] org.apache.juli.logging.DirectJDKLog.log(DirectJDKLog.java:180)  - The APR based Apache Tomcat Native library which allows optimal performance in production environments was not found on the java.library.path: [/Users/yueli/Library/Java/Extensions:/Library/Java/Extensions:/Network/Library/Java/Extensions:/System/Library/Java/Extensions:/usr/lib/java:.]
2019-08-12 19:33:23.965 INFO  org.apache.catalina.core.ContainerBase.[Tomcat].[localhost].[/] [localhost-startStop-1] org.apache.juli.logging.DirectJDKLog.log(DirectJDKLog.java:180)  - Initializing Spring embedded WebApplicationContext
2019-08-12 19:33:24.710 INFO  org.apache.cxf.wsdl.service.factory.ReflectionServiceFactoryBean [main] org.apache.cxf.wsdl.service.factory.ReflectionServiceFactoryBean.buildServiceFromClass(ReflectionServiceFactoryBean.java:434)  - Creating Service {http://service.webservice.tusdao.com}gzcxfw_wx_webserviceService from class com.tusdao.webservice.service.WebService
2019-08-12 19:33:24.975 INFO  org.apache.cxf.endpoint.ServerImpl [main] org.apache.cxf.endpoint.ServerImpl.initDestination(ServerImpl.java:85)  - Setting the server's publish address to be /bdcgzcxfw_wx
2019-08-12 19:33:25.648 INFO  org.apache.coyote.http11.Http11NioProtocol [main] org.apache.juli.logging.DirectJDKLog.log(DirectJDKLog.java:180)  - Initializing ProtocolHandler ["http-nio-8090"]
2019-08-12 19:33:25.655 INFO  org.apache.coyote.http11.Http11NioProtocol [main] org.apache.juli.logging.DirectJDKLog.log(DirectJDKLog.java:180)  - Starting ProtocolHandler ["http-nio-8090"]
2019-08-12 19:33:25.676 INFO  org.apache.tomcat.util.net.NioSelectorPool [main] org.apache.juli.logging.DirectJDKLog.log(DirectJDKLog.java:180)  - Using a shared selector for servlet write/read
2019-08-12 19:33:25.692 INFO  com.tusdao.TusdaoWebserviceApplication [main] org.springframework.boot.StartupInfoLogger.logStarted(StartupInfoLogger.java:57)  - Started TusdaoWebserviceApplication in 4.1 seconds (JVM running for 4.906)
2019-08-12 19:33:39.540 INFO  com.tusdao.webservice.service.impl.CatalogInfoImpl [http-nio-8090-exec-2] com.tusdao.webservice.service.impl.WebServiceImpl.gzcxfwHlwWxcxInfoCs(WebServiceImpl.java:42)  - gzcxfwHlwWxcxInfoCs: 入参- wxid:c2h3NTIxbHg=, macId:cWRxa2x1c2Vy, pawd:MDAwMDAw
2019-08-12 19:33:40.510 INFO  com.alibaba.druid.pool.DruidDataSource [http-nio-8090-exec-2] com.alibaba.druid.support.logging.Log4j2Impl.info(Log4j2Impl.java:106)  - {dataSource-1} inited
2019-08-12 19:41:19.410 INFO  com.alibaba.druid.pool.DruidDataSource [Thread-11] com.alibaba.druid.support.logging.Log4j2Impl.info(Log4j2Impl.java:106)  - {dataSource-1} closed
2019-08-12 19:41:24.890 INFO  com.tusdao.TusdaoWebserviceApplication [main] org.springframework.boot.StartupInfoLogger.logStarting(StartupInfoLogger.java:48)  - Starting TusdaoWebserviceApplication on yuelideMacBook-Pro.local with PID 2913 (/Users/yueli/work/code/tusdao-webservice/build/classes/main started by yueli in /Users/yueli/work/code/tusdao-webservice)
2019-08-12 19:41:24.897 INFO  com.tusdao.TusdaoWebserviceApplication [main] org.springframework.boot.SpringApplication.logStartupProfileInfo(SpringApplication.java:652)  - No active profile set, falling back to default profiles: default
2019-08-12 19:41:25.880 INFO  org.apache.catalina.core.StandardService [main] org.apache.juli.logging.DirectJDKLog.log(DirectJDKLog.java:180)  - Starting service [Tomcat]
2019-08-12 19:41:25.883 INFO  org.apache.catalina.core.StandardEngine [main] org.apache.juli.logging.DirectJDKLog.log(DirectJDKLog.java:180)  - Starting Servlet Engine: Apache Tomcat/8.5.27
2019-08-12 19:41:25.894 INFO  org.apache.catalina.core.AprLifecycleListener [localhost-startStop-1] org.apache.juli.logging.DirectJDKLog.log(DirectJDKLog.java:180)  - The APR based Apache Tomcat Native library which allows optimal performance in production environments was not found on the java.library.path: [/Users/yueli/Library/Java/Extensions:/Library/Java/Extensions:/Network/Library/Java/Extensions:/System/Library/Java/Extensions:/usr/lib/java:.]
2019-08-12 19:41:25.966 INFO  org.apache.catalina.core.ContainerBase.[Tomcat].[localhost].[/] [localhost-startStop-1] org.apache.juli.logging.DirectJDKLog.log(DirectJDKLog.java:180)  - Initializing Spring embedded WebApplicationContext
2019-08-12 19:41:26.635 INFO  org.apache.cxf.wsdl.service.factory.ReflectionServiceFactoryBean [main] org.apache.cxf.wsdl.service.factory.ReflectionServiceFactoryBean.buildServiceFromClass(ReflectionServiceFactoryBean.java:434)  - Creating Service {http://service.webservice.tusdao.com}gzcxfw_wx_webserviceService from class com.tusdao.webservice.service.WebService
2019-08-12 19:41:26.896 INFO  org.apache.cxf.endpoint.ServerImpl [main] org.apache.cxf.endpoint.ServerImpl.initDestination(ServerImpl.java:85)  - Setting the server's publish address to be /bdcgzcxfw_wx
2019-08-12 19:41:27.616 INFO  org.apache.coyote.http11.Http11NioProtocol [main] org.apache.juli.logging.DirectJDKLog.log(DirectJDKLog.java:180)  - Initializing ProtocolHandler ["http-nio-8090"]
2019-08-12 19:41:27.621 INFO  org.apache.coyote.http11.Http11NioProtocol [main] org.apache.juli.logging.DirectJDKLog.log(DirectJDKLog.java:180)  - Starting ProtocolHandler ["http-nio-8090"]
2019-08-12 19:41:27.644 INFO  org.apache.tomcat.util.net.NioSelectorPool [main] org.apache.juli.logging.DirectJDKLog.log(DirectJDKLog.java:180)  - Using a shared selector for servlet write/read
2019-08-12 19:41:27.664 INFO  com.tusdao.TusdaoWebserviceApplication [main] org.springframework.boot.StartupInfoLogger.logStarted(StartupInfoLogger.java:57)  - Started TusdaoWebserviceApplication in 3.25 seconds (JVM running for 4.528)
2019-08-12 20:14:39.320 INFO  com.tusdao.TusdaoWebserviceApplication [main] org.springframework.boot.StartupInfoLogger.logStarting(StartupInfoLogger.java:48)  - Starting TusdaoWebserviceApplication on yuelideMacBook-Pro.local with PID 2962 (/Users/yueli/work/code/tusdao-webservice/build/classes/main started by yueli in /Users/yueli/work/code/tusdao-webservice)
2019-08-12 20:14:39.327 INFO  com.tusdao.TusdaoWebserviceApplication [main] org.springframework.boot.SpringApplication.logStartupProfileInfo(SpringApplication.java:652)  - No active profile set, falling back to default profiles: default
2019-08-12 20:14:40.564 INFO  org.apache.catalina.core.StandardService [main] org.apache.juli.logging.DirectJDKLog.log(DirectJDKLog.java:180)  - Starting service [Tomcat]
2019-08-12 20:14:40.565 INFO  org.apache.catalina.core.StandardEngine [main] org.apache.juli.logging.DirectJDKLog.log(DirectJDKLog.java:180)  - Starting Servlet Engine: Apache Tomcat/8.5.27
2019-08-12 20:14:40.571 INFO  org.apache.catalina.core.AprLifecycleListener [localhost-startStop-1] org.apache.juli.logging.DirectJDKLog.log(DirectJDKLog.java:180)  - The APR based Apache Tomcat Native library which allows optimal performance in production environments was not found on the java.library.path: [/Users/yueli/Library/Java/Extensions:/Library/Java/Extensions:/Network/Library/Java/Extensions:/System/Library/Java/Extensions:/usr/lib/java:.]
2019-08-12 20:14:40.634 INFO  org.apache.catalina.core.ContainerBase.[Tomcat].[localhost].[/] [localhost-startStop-1] org.apache.juli.logging.DirectJDKLog.log(DirectJDKLog.java:180)  - Initializing Spring embedded WebApplicationContext
2019-08-12 20:14:41.448 INFO  org.apache.cxf.wsdl.service.factory.ReflectionServiceFactoryBean [main] org.apache.cxf.wsdl.service.factory.ReflectionServiceFactoryBean.buildServiceFromClass(ReflectionServiceFactoryBean.java:434)  - Creating Service {http://service.webservice.tusdao.com}gzcxfw_wx_webserviceService from class com.tusdao.webservice.service.WebService
2019-08-12 20:14:41.874 INFO  org.apache.cxf.endpoint.ServerImpl [main] org.apache.cxf.endpoint.ServerImpl.initDestination(ServerImpl.java:85)  - Setting the server's publish address to be /bdcgzcxfw_wx
2019-08-12 20:14:42.605 INFO  org.apache.coyote.http11.Http11NioProtocol [main] org.apache.juli.logging.DirectJDKLog.log(DirectJDKLog.java:180)  - Initializing ProtocolHandler ["http-nio-8090"]
2019-08-12 20:14:42.610 INFO  org.apache.coyote.http11.Http11NioProtocol [main] org.apache.juli.logging.DirectJDKLog.log(DirectJDKLog.java:180)  - Starting ProtocolHandler ["http-nio-8090"]
2019-08-12 20:14:42.635 INFO  org.apache.tomcat.util.net.NioSelectorPool [main] org.apache.juli.logging.DirectJDKLog.log(DirectJDKLog.java:180)  - Using a shared selector for servlet write/read
2019-08-12 20:14:42.651 INFO  com.tusdao.TusdaoWebserviceApplication [main] org.springframework.boot.StartupInfoLogger.logStarted(StartupInfoLogger.java:57)  - Started TusdaoWebserviceApplication in 4.167 seconds (JVM running for 5.034)
2019-08-12 20:29:44.322 INFO  com.tusdao.TusdaoWebserviceApplication [main] org.springframework.boot.StartupInfoLogger.logStarting(StartupInfoLogger.java:48)  - Starting TusdaoWebserviceApplication on yuelideMacBook-Pro.local with PID 3024 (/Users/yueli/work/code/tusdao-webservice/build/classes/main started by yueli in /Users/yueli/work/code/tusdao-webservice)
2019-08-12 20:29:44.334 INFO  com.tusdao.TusdaoWebserviceApplication [main] org.springframework.boot.SpringApplication.logStartupProfileInfo(SpringApplication.java:652)  - No active profile set, falling back to default profiles: default
2019-08-12 20:29:45.312 INFO  org.apache.catalina.core.StandardService [main] org.apache.juli.logging.DirectJDKLog.log(DirectJDKLog.java:180)  - Starting service [Tomcat]
2019-08-12 20:29:45.314 INFO  org.apache.catalina.core.StandardEngine [main] org.apache.juli.logging.DirectJDKLog.log(DirectJDKLog.java:180)  - Starting Servlet Engine: Apache Tomcat/8.5.27
2019-08-12 20:29:45.322 INFO  org.apache.catalina.core.AprLifecycleListener [localhost-startStop-1] org.apache.juli.logging.DirectJDKLog.log(DirectJDKLog.java:180)  - The APR based Apache Tomcat Native library which allows optimal performance in production environments was not found on the java.library.path: [/Users/yueli/Library/Java/Extensions:/Library/Java/Extensions:/Network/Library/Java/Extensions:/System/Library/Java/Extensions:/usr/lib/java:.]
2019-08-12 20:29:45.381 INFO  org.apache.catalina.core.ContainerBase.[Tomcat].[localhost].[/] [localhost-startStop-1] org.apache.juli.logging.DirectJDKLog.log(DirectJDKLog.java:180)  - Initializing Spring embedded WebApplicationContext
2019-08-12 20:29:46.011 INFO  org.apache.cxf.wsdl.service.factory.ReflectionServiceFactoryBean [main] org.apache.cxf.wsdl.service.factory.ReflectionServiceFactoryBean.buildServiceFromClass(ReflectionServiceFactoryBean.java:434)  - Creating Service {http://36.101.208.59:8090/axis/services/bdcgzcxfw_wx}gzcxfw_wx_webserviceService from class com.tusdao.webservice.service.WebService
2019-08-12 20:29:46.270 INFO  org.apache.cxf.endpoint.ServerImpl [main] org.apache.cxf.endpoint.ServerImpl.initDestination(ServerImpl.java:85)  - Setting the server's publish address to be /bdcgzcxfw_wx
2019-08-12 20:29:46.923 INFO  org.apache.coyote.http11.Http11NioProtocol [main] org.apache.juli.logging.DirectJDKLog.log(DirectJDKLog.java:180)  - Initializing ProtocolHandler ["http-nio-8090"]
2019-08-12 20:29:46.930 INFO  org.apache.coyote.http11.Http11NioProtocol [main] org.apache.juli.logging.DirectJDKLog.log(DirectJDKLog.java:180)  - Starting ProtocolHandler ["http-nio-8090"]
2019-08-12 20:29:46.951 INFO  org.apache.tomcat.util.net.NioSelectorPool [main] org.apache.juli.logging.DirectJDKLog.log(DirectJDKLog.java:180)  - Using a shared selector for servlet write/read
2019-08-12 20:29:46.969 INFO  com.tusdao.TusdaoWebserviceApplication [main] org.springframework.boot.StartupInfoLogger.logStarted(StartupInfoLogger.java:57)  - Started TusdaoWebserviceApplication in 3.162 seconds (JVM running for 4.536)
2019-08-12 20:30:40.839 INFO  com.tusdao.webservice.service.impl.CatalogInfoImpl [http-nio-8090-exec-2] com.tusdao.webservice.service.impl.WebServiceImpl.gzcxfwHlwWxcxInfoCs(WebServiceImpl.java:42)  - gzcxfwHlwWxcxInfoCs: 入参- wxid:c2h3NTIxbHg=, macId:cWRxa2x1c2Vy, pawd:MDAwMDAw
2019-08-12 20:30:41.703 INFO  com.alibaba.druid.pool.DruidDataSource [http-nio-8090-exec-2] com.alibaba.druid.support.logging.Log4j2Impl.info(Log4j2Impl.java:106)  - {dataSource-1} inited
2019-08-12 20:31:00.003 INFO  com.tusdao.webservice.service.impl.CatalogInfoImpl [http-nio-8090-exec-2] com.tusdao.webservice.service.impl.WebServiceImpl.gzcxfwHlwWxcxInfoCs(WebServiceImpl.java:47)  - gzcxfwHlwWxrzInfoCs: 出参- responseStr:PD94bWwgdmVyc2lvbj0iMS4wIiBlbmNvZGluZz0iZ2JrIj8+Cjxyb290PjxkYXRhPjxCRENfR0tf
SU5ERVhfbGlzdD48bGlzdCB0eXBlPSJCRENfR0tfSU5ERVgiIHJvd051bT0iNiI+PEJEQ19HS19J
TkRFWCByb3dOdW09IjAiPjxZV0g+NDYwNjAwMDAwMjAxOTAwMDAwMDE8L1lXSD48Q1FCUz4xPC9D
UUJTPjxESkpHLz48WlNIPtHzxta3v7XY1qTX1rXaVDEyNjk1usU8L1pTSD48UVhETT40NjA2MDA8
L1FYRE0+PEpaTUo+MTIzPC9KWk1KPjxaTD7R88bWPC9aTD48R0hZVD4xMDwvR0hZVD48REpTSj4y
MDE5LTAxLTE1PC9ESlNKPjxZR0RKWkwvPjxUQUJOQU1FPkZEQ1EyPC9UQUJOQU1FPjxCRENEWUg+
NDYwNjAwNDE1MDA5R0IwMDAxMkYwMDA1MDA0NDwvQkRDRFlIPjxHSFlUX1ZJRVc+16HVrDwvR0hZ
VF9WSUVXPjxRTFJNQz6zwsP3PC9RTFJNQz48UUxSU0ZaPjEyMzQ1NjwvUUxSU0ZaPjxEWVFLPjA8
L0RZUUs+PENGUUs+MDwvQ0ZRSz48UVhETU1DPjQ2MDYwMDwvUVhETU1DPjwvQkRDX0dLX0lOREVY
PjxCRENfR0tfSU5ERVggcm93TnVtPSIxIj48WVdIPjQ2OTAwMjAwMDIwMTYwMDAwNTIyPC9ZV0g+
PENRQlM+MTwvQ1FCUz48REpKRz7H7bqjytCyu7avsvq1x7zHvtY8L0RKSkc+PFpTSD7H7aOoMjAx
NqOpx+26o8rQsru2r7L6yKi12jAwMDAwOTi6xTwvWlNIPjxRWERNPjQ2OTAwMjwvUVhETT48SlpN
Sj4wPC9KWk1KPjxaTC8+PEdIWVQvPjxESlNKPjIwMTYtMDgtMTk8L0RKU0o+PFlHREpaTC8+PFRB
Qk5BTUU+RkRDUTI8L1RBQk5BTUU+PEJEQ0RZSD40NjkwMDIxMDQwMDJHQjAwMDAxRjAwMTMwMDAz
PC9CRENEWUg+PEdIWVRfVklFVy8+PFFMUk1DPtXFwNc8L1FMUk1DPjxRTFJTRlo+MTIzNDU2PC9R
TFJTRlo+PERZUUs+MDwvRFlRSz48Q0ZRSz4wPC9DRlFLPjxRWERNTUM+x+26o8rQPC9RWERNTUM+
PC9CRENfR0tfSU5ERVg+PEJEQ19HS19JTkRFWCByb3dOdW09IjIiPjxZV0g+NDY5MDAyMDAwMjAx
NjAwMDA2OTY8L1lXSD48Q1FCUz4xPC9DUUJTPjxESkpHPsftuqPK0LK7tq+y+rXHvMe+1jwvREpK
Rz48WlNIPsfto6gyMDE2o6nH7bqjytCyu7avsvrIqLXaMDAwMDEwNLrFPC9aU0g+PFFYRE0+NDY5
MDAyPC9RWERNPjxKWk1KPjIwNDwvSlpNSj48Wkw+x+26o8rQuv7A79bT1azO5cDvMrrFMTAyytI8
L1pMPjxHSFlUPjEwPC9HSFlUPjxESlNKPjIwMTYtMDgtMTk8L0RKU0o+PFlHREpaTC8+PFRBQk5B
TUU+RkRDUTI8L1RBQk5BTUU+PEJEQ0RZSD40NjkwMDIxMDQwMDJHQjAwMDAxRjAwMDgwMDA0PC9C
RENEWUg+PEdIWVRfVklFVz7XodWsPC9HSFlUX1ZJRVc+PFFMUk1DPsDuw848L1FMUk1DPjxRTFJT
Rlo+MTIzNDU2PC9RTFJTRlo+PERZUUs+MDwvRFlRSz48Q0ZRSz4wPC9DRlFLPjxRWERNTUM+x+26
o8rQPC9RWERNTUM+PC9CRENfR0tfSU5ERVg+PEJEQ19HS19JTkRFWCByb3dOdW09IjMiPjxZV0g+
NDY5MDAyMDAwMjAxNjAwMDEyNjI8L1lXSD48Q1FCUz4xPC9DUUJTPjxESkpHPsftuqPK0LK7tq+y
+rXHvMe+1jwvREpKRz48WlNIPsfto6gyMDE2o6nH7bqjytCyu7avsvrIqLXaMDAwMDIzMbrFPC9a
U0g+PFFYRE0+NDY5MDAyPC9RWERNPjxKWk1KPjA8L0paTUo+PFpMLz48R0hZVC8+PERKU0o+MjAx
Ni0wOC0zMDwvREpTSj48WUdESlpMLz48VEFCTkFNRT5GRENRMjwvVEFCTkFNRT48QkRDRFlIPjQ2
OTAwMjEwNDAwMkdCMDAwMDFGMDAxMzAwMDQ8L0JEQ0RZSD48R0hZVF9WSUVXLz48UUxSTUM+t8nT
4zwvUUxSTUM+PFFMUlNGWj4xMjM0NTY8L1FMUlNGWj48RFlRSz4xPC9EWVFLPjxDRlFLPjA8L0NG
UUs+PFFYRE1NQz7H7bqjytA8L1FYRE1NQz48L0JEQ19HS19JTkRFWD48QkRDX0dLX0lOREVYIHJv
d051bT0iNCI+PFlXSD40NjkwMDIwMDAyMDE2MDAwMTg0MTwvWVdIPjxDUUJTPjE8L0NRQlM+PERK
Skc+x+26o8rQsru2r7L6tce8x77WPC9ESkpHPjxaU0g+x+2jqDIwMTajqcftuqPK0LK7tq+y+sio
tdowMDAwMzE3usU8L1pTSD48UVhETT40NjkwMDI8L1FYRE0+PEpaTUo+MTAyPC9KWk1KPjxaTD7H
7bqjytC6/sDv1tPVrM7lwO8yusUxMDHK0jwvWkw+PEdIWVQ+MTA8L0dIWVQ+PERKU0o+MjAxNi0w
OS0xMDwvREpTSj48WUdESlpMLz48VEFCTkFNRT5GRENRMjwvVEFCTkFNRT48QkRDRFlIPjQ2OTAw
MjEwMDA0NEdCMDAwMDFGMDAwNDAwMTA8L0JEQ0RZSD48R0hZVF9WSUVXPteh1aw8L0dIWVRfVklF
Vz48UUxSTUM+MTIzPC9RTFJNQz48UUxSU0ZaPjEyMzQ1NjwvUUxSU0ZaPjxEWVFLPjA8L0RZUUs+
PENGUUs+MDwvQ0ZRSz48UVhETU1DPsftuqPK0DwvUVhETU1DPjwvQkRDX0dLX0lOREVYPjxCRENf
R0tfSU5ERVggcm93TnVtPSI1Ij48WVdIPjQ2OTAwMjAwMDIwMTYwMDAxOTE1PC9ZV0g+PENRQlM+
MTwvQ1FCUz48REpKRy8+PFpTSD66o7e/yKjWpLqj19a12jAwObrFPC9aU0g+PFFYRE0+NDY5MDAy
PC9RWERNPjxKWk1KPjE1MDwvSlpNSj48Wkw+1tC5+jwvWkw+PEdIWVQ+MTA8L0dIWVQ+PERKU0o+
MjAxNi0wOS0xMDwvREpTSj48WUdESlpMLz48VEFCTkFNRT5GRENRMjwvVEFCTkFNRT48QkRDRFlI
PjQ2OTAwMjExMTAwNEdCMDAwMDFGMDAwNjAwMDE8L0JEQ0RZSD48R0hZVF9WSUVXPteh1aw8L0dI
WVRfVklFVz48UUxSTUM+wNe35jwvUUxSTUM+PFFMUlNGWj4xMjM0NTY8L1FMUlNGWj48RFlRSz4w
PC9EWVFLPjxDRlFLPjA8L0NGUUs+PFFYRE1NQz7H7bqjytA8L1FYRE1NQz48L0JEQ19HS19JTkRF
WD48L2xpc3Q+PC9CRENfR0tfSU5ERVhfbGlzdD48ZW1nPjxDWEJIPjIwMTkwODEyMjAzMDEyOTM4
PC9DWEJIPjxYTT7Kt7rqzrA8L1hNPjxTRlpIPioqKio8L1NGWkg+PHJldHVybl9qZz4xPC9yZXR1
cm5famc+PC9lbWc+PC9kYXRhPjxyZXR1cm4+PGNvZGU+MTwvY29kZT48Q1hCSD4yMDE5MDgxMjIw
MzAxMjkzODwvQ1hCSD48L3JldHVybj48L3Jvb3Q+
2019-08-12 20:45:32.403 INFO  com.alibaba.druid.pool.DruidDataSource [Thread-10] com.alibaba.druid.support.logging.Log4j2Impl.info(Log4j2Impl.java:106)  - {dataSource-1} closed
2019-08-12 20:45:37.123 INFO  com.tusdao.TusdaoWebserviceApplication [main] org.springframework.boot.StartupInfoLogger.logStarting(StartupInfoLogger.java:48)  - Starting TusdaoWebserviceApplication on yuelideMacBook-Pro.local with PID 3321 (/Users/yueli/work/code/tusdao-webservice/build/classes/main started by yueli in /Users/yueli/work/code/tusdao-webservice)
2019-08-12 20:45:37.131 INFO  com.tusdao.TusdaoWebserviceApplication [main] org.springframework.boot.SpringApplication.logStartupProfileInfo(SpringApplication.java:652)  - No active profile set, falling back to default profiles: default
2019-08-12 20:45:38.104 INFO  org.apache.catalina.core.StandardService [main] org.apache.juli.logging.DirectJDKLog.log(DirectJDKLog.java:180)  - Starting service [Tomcat]
2019-08-12 20:45:38.107 INFO  org.apache.catalina.core.StandardEngine [main] org.apache.juli.logging.DirectJDKLog.log(DirectJDKLog.java:180)  - Starting Servlet Engine: Apache Tomcat/8.5.27
2019-08-12 20:45:38.118 INFO  org.apache.catalina.core.AprLifecycleListener [localhost-startStop-1] org.apache.juli.logging.DirectJDKLog.log(DirectJDKLog.java:180)  - The APR based Apache Tomcat Native library which allows optimal performance in production environments was not found on the java.library.path: [/Users/yueli/Library/Java/Extensions:/Library/Java/Extensions:/Network/Library/Java/Extensions:/System/Library/Java/Extensions:/usr/lib/java:.]
2019-08-12 20:45:38.189 INFO  org.apache.catalina.core.ContainerBase.[Tomcat].[localhost].[/] [localhost-startStop-1] org.apache.juli.logging.DirectJDKLog.log(DirectJDKLog.java:180)  - Initializing Spring embedded WebApplicationContext
2019-08-12 20:45:38.902 INFO  org.apache.cxf.wsdl.service.factory.ReflectionServiceFactoryBean [main] org.apache.cxf.wsdl.service.factory.ReflectionServiceFactoryBean.buildServiceFromClass(ReflectionServiceFactoryBean.java:434)  - Creating Service {http://36.101.208.59:8090/axis/services/bdcgzcxfw_wx}gzcxfw_wx_webserviceService from class com.tusdao.webservice.service.WebService
2019-08-12 20:45:39.178 INFO  org.apache.cxf.endpoint.ServerImpl [main] org.apache.cxf.endpoint.ServerImpl.initDestination(ServerImpl.java:85)  - Setting the server's publish address to be /bdcgzcxfw_wx
2019-08-12 20:45:39.883 INFO  org.apache.coyote.http11.Http11NioProtocol [main] org.apache.juli.logging.DirectJDKLog.log(DirectJDKLog.java:180)  - Initializing ProtocolHandler ["http-nio-8090"]
2019-08-12 20:45:39.890 INFO  org.apache.coyote.http11.Http11NioProtocol [main] org.apache.juli.logging.DirectJDKLog.log(DirectJDKLog.java:180)  - Starting ProtocolHandler ["http-nio-8090"]
2019-08-12 20:45:39.915 INFO  org.apache.tomcat.util.net.NioSelectorPool [main] org.apache.juli.logging.DirectJDKLog.log(DirectJDKLog.java:180)  - Using a shared selector for servlet write/read
2019-08-12 20:45:39.935 INFO  com.tusdao.TusdaoWebserviceApplication [main] org.springframework.boot.StartupInfoLogger.logStarted(StartupInfoLogger.java:57)  - Started TusdaoWebserviceApplication in 3.265 seconds (JVM running for 4.633)
